gpasm-1.4.0 #1106 (Oct  6 2014) obj\Debug\led   11-12-2019  22:28:54        PAGE  1


LOC    OBJECT CODE    LINE  SOURCE TEXT
  VALUE

                      00001 ;--------------------------------------------------------
                      00002 ; File Created by SDCC : free open source ANSI-C Compiler
                      00003 ; Version 3.5.0 #9253 (Jun 20 2015) (MINGW32)
                      00004 ; This file was generated Tue Nov 12 22:28:54 2019
                      00005 ;--------------------------------------------------------
                      00006 ; PIC port for the 14-bit core
                      00007 ;--------------------------------------------------------
                      00008         .file   "led.c"
                      00009         list    p=16f877a
                      00010         radix dec
                      00011         include "p16f877a.inc"
                      00001         LIST
                      00002 
                      00003 ;==========================================================================
                      00004 ; Build date : Aug 07 2014
                      00005 ;  MPASM PIC16F877A processor include
                      00006 ; 
                      00007 ;  (c) Copyright 1999-2014 Microchip Technology, All rights reserved
                      00008 ;==========================================================================
                      00009 
                      00567         LIST
                      00012 ;--------------------------------------------------------
                      00013 ; external declarations
                      00014 ;--------------------------------------------------------
  0000                00015         extern  _OS_Init
  0000                00016         extern  _OS_Start
  0000                00017         extern  _OS_Update
  0000                00018         extern  _OS_Set_ZCD
  0000                00019         extern  _OS_Set_AP
  0000                00020         extern  _STATUSbits
  0000                00021         extern  _PORTAbits
  0000                00022         extern  _PORTBbits
  0000                00023         extern  _PORTCbits
  0000                00024         extern  _PORTDbits
  0000                00025         extern  _PORTEbits
  0000                00026         extern  _INTCONbits
  0000                00027         extern  _PIR1bits
  0000                00028         extern  _PIR2bits
  0000                00029         extern  _T1CONbits
  0000                00030         extern  _T2CONbits
  0000                00031         extern  _SSPCONbits
  0000                00032         extern  _CCP1CONbits
  0000                00033         extern  _RCSTAbits
  0000                00034         extern  _CCP2CONbits
  0000                00035         extern  _ADCON0bits
  0000                00036         extern  _OPTION_REGbits
  0000                00037         extern  _TRISAbits
  0000                00038         extern  _TRISBbits
  0000                00039         extern  _TRISCbits
  0000                00040         extern  _TRISDbits
  0000                00041         extern  _TRISEbits
  0000                00042         extern  _PIE1bits
  0000                00043         extern  _PIE2bits
gpasm-1.4.0 #1106 (Oct  6 2014) obj\Debug\led   11-12-2019  22:28:54        PAGE  2


LOC    OBJECT CODE    LINE  SOURCE TEXT
  VALUE

  0000                00044         extern  _PCONbits
  0000                00045         extern  _SSPCON2bits
  0000                00046         extern  _SSPSTATbits
  0000                00047         extern  _TXSTAbits
  0000                00048         extern  _CMCONbits
  0000                00049         extern  _CVRCONbits
  0000                00050         extern  _ADCON1bits
  0000                00051         extern  _EECON1bits
  0000                00052         extern  _INDF
  0000                00053         extern  _TMR0
  0000                00054         extern  _PCL
  0000                00055         extern  _STATUS
  0000                00056         extern  _FSR
  0000                00057         extern  _PORTA
  0000                00058         extern  _PORTB
  0000                00059         extern  _PORTC
  0000                00060         extern  _PORTD
  0000                00061         extern  _PORTE
  0000                00062         extern  _PCLATH
  0000                00063         extern  _INTCON
  0000                00064         extern  _PIR1
  0000                00065         extern  _PIR2
  0000                00066         extern  _TMR1
  0000                00067         extern  _TMR1L
  0000                00068         extern  _TMR1H
  0000                00069         extern  _T1CON
  0000                00070         extern  _TMR2
  0000                00071         extern  _T2CON
  0000                00072         extern  _SSPBUF
  0000                00073         extern  _SSPCON
  0000                00074         extern  _CCPR1
  0000                00075         extern  _CCPR1L
  0000                00076         extern  _CCPR1H
  0000                00077         extern  _CCP1CON
  0000                00078         extern  _RCSTA
  0000                00079         extern  _TXREG
  0000                00080         extern  _RCREG
  0000                00081         extern  _CCPR2
  0000                00082         extern  _CCPR2L
  0000                00083         extern  _CCPR2H
  0000                00084         extern  _CCP2CON
  0000                00085         extern  _ADRESH
  0000                00086         extern  _ADCON0
  0000                00087         extern  _OPTION_REG
  0000                00088         extern  _TRISA
  0000                00089         extern  _TRISB
  0000                00090         extern  _TRISC
  0000                00091         extern  _TRISD
  0000                00092         extern  _TRISE
  0000                00093         extern  _PIE1
  0000                00094         extern  _PIE2
  0000                00095         extern  _PCON
  0000                00096         extern  _SSPCON2
gpasm-1.4.0 #1106 (Oct  6 2014) obj\Debug\led   11-12-2019  22:28:54        PAGE  3


LOC    OBJECT CODE    LINE  SOURCE TEXT
  VALUE

  0000                00097         extern  _PR2
  0000                00098         extern  _SSPADD
  0000                00099         extern  _SSPSTAT
  0000                00100         extern  _TXSTA
  0000                00101         extern  _SPBRG
  0000                00102         extern  _CMCON
  0000                00103         extern  _CVRCON
  0000                00104         extern  _ADRESL
  0000                00105         extern  _ADCON1
  0000                00106         extern  _EEDATA
  0000                00107         extern  _EEADR
  0000                00108         extern  _EEDATH
  0000                00109         extern  _EEADRH
  0000                00110         extern  _EECON1
  0000                00111         extern  _EECON2
                      00112 
  0000                00113         extern PSAVE
  0000                00114         extern SSAVE
  0000                00115         extern WSAVE
  0000                00116         extern STK12
  0000                00117         extern STK11
  0000                00118         extern STK10
  0000                00119         extern STK09
  0000                00120         extern STK08
  0000                00121         extern STK07
  0000                00122         extern STK06
  0000                00123         extern STK05
  0000                00124         extern STK04
  0000                00125         extern STK03
  0000                00126         extern STK02
  0000                00127         extern STK01
  0000                00128         extern STK00
                      00129 ;--------------------------------------------------------
                      00130 ; global declarations
                      00131 ;--------------------------------------------------------
  0000                00132         global  _led_Update
  0000                00133         global  _led_Init
                      00134 
                      00135 ;--------------------------------------------------------
                      00136 ; global definitions
                      00137 ;--------------------------------------------------------
                      00138 ;--------------------------------------------------------
                      00139 ; absolute symbol definitions
                      00140 ;--------------------------------------------------------
                      00141 ;--------------------------------------------------------
                      00142 ; compiler-defined variables
                      00143 ;--------------------------------------------------------
                      00144 UDL_led_0       udata
0000                  00145 r0x1002 res     1
0001                  00146 r0x1001 res     1
0002                  00147 _led_Update_led_State_1_11      res     1
                      00148 ;--------------------------------------------------------
                      00149 ; initialized data
gpasm-1.4.0 #1106 (Oct  6 2014) obj\Debug\led   11-12-2019  22:28:54        PAGE  4


LOC    OBJECT CODE    LINE  SOURCE TEXT
  VALUE

                      00150 ;--------------------------------------------------------
                      00151 ;--------------------------------------------------------
                      00152 ; overlayable items in internal ram 
                      00153 ;--------------------------------------------------------
                      00154 ;       udata_ovr
                      00155 ;--------------------------------------------------------
                      00156 ; code
                      00157 ;--------------------------------------------------------
                      00158 code_led        code
                      00159 ;***
                      00160 ;  pBlock Stats: dbName = C
                      00161 ;***
                      00162 ;entry:  _led_Update    ;Function start
                      00163 ; 2 exit points
                      00164 ;has an exit
                      00165 ;1 compiler assigned register :
                      00166 ;   r0x1001
                      00167 ;; Starting pCode block
                      00168 ;;; /home/sdcc-builder/build/sdcc-build/orig/sdcc/src/pic14/gen.c:2316:resultRemat *{*
                      00169 ;;; /home/sdcc-builder/build/sdcc-build/orig/sdcc/src/pic14/gen.c:2760:genLabel *{*
                      00170 ;; ***  genLabel  2763
                      00171 ;;; /home/sdcc-builder/build/sdcc-build/orig/sdcc/src/pic14/gen.c:2316:resultRemat *{*
                      00172 ;;; /home/sdcc-builder/build/sdcc-build/orig/sdcc/src/pic14/gen.c:2340:genFunction *{*
                      00173 ;; ***  genFunction  2342 curr label offset=4previous max_key=0 
0000                  00174 _led_Update     ;Function start
                      00175 ; 2 exit points
                      00176 ;;; /home/sdcc-builder/build/sdcc-build/orig/sdcc/src/pic14/gen.c:2316:resultRemat *{*
                      00177 ;;; /home/sdcc-builder/build/sdcc-build/orig/sdcc/src/pic14/gen.c:6759:genIfx *{*
                      00178 ;; ***  genIfx  6760
                      00179 ;; ***  aopForSym 315
                      00180 ;;      327 sym->rname = _led_Update_led_State_1_11, size = 1
                      00181 ;; ***  pic14_toBoolean  1515
                      00182 ;; >>> /home/sdcc-builder/build/sdcc-build/orig/sdcc/src/pic14/gen.c:1522:pic14_toBoolean
                      00183         .line   12; "led.c"     if(led_State == LED_OFF){
0000   ???? ????      00184         BANKSEL _led_Update_led_State_1_11
0002   08??           00185         MOVF    _led_Update_led_State_1_11,W
0003   1D03           00186         BTFSS   STATUS,2
                      00187 ;; >>> /home/sdcc-builder/build/sdcc-build/orig/sdcc/src/pic14/gen.c:6809:genIfx
                      00188 ;; ***  popGetLabel  key=2, label offset 8
0004   2???           00189         GOTO    _00110_DS_
                      00190 ;;; /home/sdcc-builder/build/sdcc-build/orig/sdcc/src/pic14/gen.c:2316:resultRemat *{*
                      00191 ;;; /home/sdcc-builder/build/sdcc-build/orig/sdcc/src/pic14/gen.c:7120:genCast *{*
                      00192 ;; ***  genCast  7121
                      00193 ;; ***  aopForSym 315
                      00194 ;;      327 sym->rname = _PORTC, size = 1
                      00195 ;;      694 register type nRegs=1
                      00196 ;;      line = 7129 result AOP_REG=r0x104A, size=1, left -=-, size=0, right AOP_DIR=_PORTC, size=1
                      00197 ;; ***  genCast  7253
                      00198 ;; >>> /home/sdcc-builder/build/sdcc-build/orig/sdcc/src/pic14/gen.c:7277:genCast
                      00199 ;;      1009
                      00200 ;;      1028  _PORTC   offset=0
                      00201         .line   13; "led.c"     GPIO_WritePortPin(GPIO_PORTC_DATA, GPIO_PIN_3, LED_ON);
0005   ???? ????      00202         BANKSEL _PORTC
gpasm-1.4.0 #1106 (Oct  6 2014) obj\Debug\led   11-12-2019  22:28:54        PAGE  5


LOC    OBJECT CODE    LINE  SOURCE TEXT
  VALUE

0007   08??           00203         MOVF    _PORTC,W
                      00204 ;; >>> /home/sdcc-builder/build/sdcc-build/orig/sdcc/src/pic14/gen.c:7278:genCast
                      00205 ;;      1109 rIdx = r0x104A 
0008   ???? ????      00206         BANKSEL r0x1001
000A   00??           00207         MOVWF   r0x1001
                      00208 ;;; /home/sdcc-builder/build/sdcc-build/orig/sdcc/src/pic14/gen.c:2316:resultRemat *{*
                      00209 ;;; /home/sdcc-builder/build/sdcc-build/orig/sdcc/src/pic14/gen.c:3919:genAnd *{*
                      00210 ;; ***  genAnd  3920
                      00211 ;;      694 register type nRegs=1
                      00212 ;;      694 register type nRegs=1
                      00213 ;;      line = 3955 result AOP_REG=r0x104A, size=1, left AOP_REG=r0x104A, size=1, right AOP_LIT=0xf7, si
                            ze=1
                      00214 ;; >>> /home/sdcc-builder/build/sdcc-build/orig/sdcc/src/pic14/gen.c:4122:genAnd
000B   11??           00215         BCF     r0x1001,3
                      00216 ;;; /home/sdcc-builder/build/sdcc-build/orig/sdcc/src/pic14/gen.c:2316:resultRemat *{*
                      00217 ;;; /home/sdcc-builder/build/sdcc-build/orig/sdcc/src/pic14/gen.c:4220:genOr *{*
                      00218 ;; ***  genOr  4221
                      00219 ;;      694 register type nRegs=1
                      00220 ;; ***  aopForSym 315
                      00221 ;;      327 sym->rname = _PORTC, size = 1
                      00222 ;;      line = 4227 result AOP_DIR=_PORTC, size=1, left AOP_REG=r0x104A, size=1, right AOP_LIT=0x08, siz
                            e=1
                      00223 ;;      line = 4253 result AOP_DIR=_PORTC, size=1, left AOP_REG=r0x104A, size=1, right AOP_LIT=0x08, siz
                            e=1
                      00224 ;; >>> /home/sdcc-builder/build/sdcc-build/orig/sdcc/src/pic14/gen.c:4470:genOr
000C   3008           00225         MOVLW   0x08
                      00226 ;; >>> /home/sdcc-builder/build/sdcc-build/orig/sdcc/src/pic14/gen.c:4471:genOr
                      00227 ;;      1109 rIdx = r0x104A 
000D   04??           00228         IORWF   r0x1001,W
                      00229 ;; >>> /home/sdcc-builder/build/sdcc-build/orig/sdcc/src/pic14/gen.c:4472:genOr
                      00230 ;;      1009
                      00231 ;;      1028  _PORTC   offset=0
000E   ???? ????      00232         BANKSEL _PORTC
0010   00??           00233         MOVWF   _PORTC
                      00234 ;;; /home/sdcc-builder/build/sdcc-build/orig/sdcc/src/pic14/gen.c:2316:resultRemat *{*
                      00235 ;;; /home/sdcc-builder/build/sdcc-build/orig/sdcc/src/pic14/gen.c:6927:genAssign *{*
                      00236 ;; ***  genAssign  6928
                      00237 ;; ***  aopForSym 315
                      00238 ;;      327 sym->rname = _led_Update_led_State_1_11, size = 1
                      00239 ;;      line = 6937 result AOP_DIR=_led_Update_led_State_1_11, size=1, left -=-, size=0, right AOP_LIT=0
                            x01, size=1
                      00240 ;; ***  genAssign  7023
                      00241 ;; >>> /home/sdcc-builder/build/sdcc-build/orig/sdcc/src/pic14/gen.c:7030:genAssign
                      00242         .line   14; "led.c"     led_State = LED_ON;
0011   3001           00243         MOVLW   0x01
                      00244 ;; >>> /home/sdcc-builder/build/sdcc-build/orig/sdcc/src/pic14/gen.c:7032:genAssign
                      00245 ;;      1009
                      00246 ;;      1028  _led_Update_led_State_1_11   offset=0
0012   ???? ????      00247         BANKSEL _led_Update_led_State_1_11
0014   00??           00248         MOVWF   _led_Update_led_State_1_11
                      00249 ;;; /home/sdcc-builder/build/sdcc-build/orig/sdcc/src/pic14/gen.c:2316:resultRemat *{*
                      00250 ;;; /home/sdcc-builder/build/sdcc-build/orig/sdcc/src/pic14/gen.c:2778:genGoto *{*
                      00251 ;; >>> /home/sdcc-builder/build/sdcc-build/orig/sdcc/src/pic14/gen.c:2780:genGoto
gpasm-1.4.0 #1106 (Oct  6 2014) obj\Debug\led   11-12-2019  22:28:54        PAGE  6


LOC    OBJECT CODE    LINE  SOURCE TEXT
  VALUE

                      00252 ;; ***  popGetLabel  key=4, label offset 8
0015   2???           00253         GOTO    _00112_DS_
                      00254 ;;; /home/sdcc-builder/build/sdcc-build/orig/sdcc/src/pic14/gen.c:2316:resultRemat *{*
                      00255 ;;; /home/sdcc-builder/build/sdcc-build/orig/sdcc/src/pic14/gen.c:2760:genLabel *{*
                      00256 ;; ***  genLabel  2763
                      00257 ;;; /home/sdcc-builder/build/sdcc-build/orig/sdcc/src/pic14/gen.c:2316:resultRemat *{*
                      00258 ;;; /home/sdcc-builder/build/sdcc-build/orig/sdcc/src/pic14/gen.c:7120:genCast *{*
                      00259 ;; ***  genCast  7121
                      00260 ;; ***  aopForSym 315
                      00261 ;;      327 sym->rname = _PORTC, size = 1
                      00262 ;;      694 register type nRegs=1
                      00263 ;;      line = 7129 result AOP_REG=r0x104A, size=1, left -=-, size=0, right AOP_DIR=_PORTC, size=1
                      00264 ;; ***  genCast  7253
                      00265 ;; >>> /home/sdcc-builder/build/sdcc-build/orig/sdcc/src/pic14/gen.c:7277:genCast
                      00266 ;;      1009
                      00267 ;;      1028  _PORTC   offset=0
0016                  00268 _00110_DS_
                      00269         .line   16; "led.c"     GPIO_WritePortPin(GPIO_PORTC_DATA, GPIO_PIN_3, LED_OFF);
0016   ???? ????      00270         BANKSEL _PORTC
0018   08??           00271         MOVF    _PORTC,W
                      00272 ;; >>> /home/sdcc-builder/build/sdcc-build/orig/sdcc/src/pic14/gen.c:7278:genCast
                      00273 ;;      1109 rIdx = r0x104A 
0019   ???? ????      00274         BANKSEL r0x1001
001B   00??           00275         MOVWF   r0x1001
                      00276 ;;; /home/sdcc-builder/build/sdcc-build/orig/sdcc/src/pic14/gen.c:2316:resultRemat *{*
                      00277 ;;; /home/sdcc-builder/build/sdcc-build/orig/sdcc/src/pic14/gen.c:3919:genAnd *{*
                      00278 ;; ***  genAnd  3920
                      00279 ;;      694 register type nRegs=1
                      00280 ;; ***  aopForSym 315
                      00281 ;;      327 sym->rname = _PORTC, size = 1
                      00282 ;;      line = 3955 result AOP_DIR=_PORTC, size=1, left AOP_REG=r0x104A, size=1, right AOP_LIT=0xf7, siz
                            e=1
                      00283 ;; >>> /home/sdcc-builder/build/sdcc-build/orig/sdcc/src/pic14/gen.c:4190:genAnd
001C   30F7           00284         MOVLW   0xf7
                      00285 ;; >>> /home/sdcc-builder/build/sdcc-build/orig/sdcc/src/pic14/gen.c:4191:genAnd
                      00286 ;;      1109 rIdx = r0x104A 
001D   05??           00287         ANDWF   r0x1001,W
                      00288 ;; >>> /home/sdcc-builder/build/sdcc-build/orig/sdcc/src/pic14/gen.c:4192:genAnd
                      00289 ;;      1009
                      00290 ;;      1028  _PORTC   offset=0
001E   ???? ????      00291         BANKSEL _PORTC
0020   00??           00292         MOVWF   _PORTC
                      00293 ;;; /home/sdcc-builder/build/sdcc-build/orig/sdcc/src/pic14/gen.c:2316:resultRemat *{*
                      00294 ;;; /home/sdcc-builder/build/sdcc-build/orig/sdcc/src/pic14/gen.c:6927:genAssign *{*
                      00295 ;; ***  genAssign  6928
                      00296 ;; ***  aopForSym 315
                      00297 ;;      327 sym->rname = _led_Update_led_State_1_11, size = 1
                      00298 ;;      line = 6937 result AOP_DIR=_led_Update_led_State_1_11, size=1, left -=-, size=0, right AOP_LIT=0
                            x00, size=1
                      00299 ;; ***  genAssign  7023
                      00300 ;; >>> /home/sdcc-builder/build/sdcc-build/orig/sdcc/src/pic14/gen.c:7035:genAssign
                      00301 ;;      1009
                      00302 ;;      1028  _led_Update_led_State_1_11   offset=0
gpasm-1.4.0 #1106 (Oct  6 2014) obj\Debug\led   11-12-2019  22:28:54        PAGE  7


LOC    OBJECT CODE    LINE  SOURCE TEXT
  VALUE

                      00303         .line   17; "led.c"     led_State = LED_OFF;
0021   ???? ????      00304         BANKSEL _led_Update_led_State_1_11
0023   01??           00305         CLRF    _led_Update_led_State_1_11
                      00306 ;;; /home/sdcc-builder/build/sdcc-build/orig/sdcc/src/pic14/gen.c:2316:resultRemat *{*
                      00307 ;;; /home/sdcc-builder/build/sdcc-build/orig/sdcc/src/pic14/gen.c:2760:genLabel *{*
                      00308 ;; ***  genLabel  2763
                      00309 ;;; /home/sdcc-builder/build/sdcc-build/orig/sdcc/src/pic14/gen.c:2316:resultRemat *{*
                      00310 ;;; /home/sdcc-builder/build/sdcc-build/orig/sdcc/src/pic14/gen.c:2528:genEndFunction *{*
                      00311 ;; ***  genEndFunction  2530
0024                  00312 _00112_DS_
0024   0008           00313         RETURN  
                      00314 ; exit point of _led_Update
                      00315 ;;; /home/sdcc-builder/build/sdcc-build/orig/sdcc/src/pic14/gen.c:7426:genpic14Code *{*
                      00316 
                      00317 ;***
                      00318 ;  pBlock Stats: dbName = C
                      00319 ;***
                      00320 ;entry:  _led_Init      ;Function start
                      00321 ; 2 exit points
                      00322 ;has an exit
                      00323 ;1 compiler assigned register :
                      00324 ;   r0x1002
                      00325 ;; Starting pCode block
                      00326 ;;; /home/sdcc-builder/build/sdcc-build/orig/sdcc/src/pic14/gen.c:2316:resultRemat *{*
                      00327 ;;; /home/sdcc-builder/build/sdcc-build/orig/sdcc/src/pic14/gen.c:2760:genLabel *{*
                      00328 ;; ***  genLabel  2763
                      00329 ;;; /home/sdcc-builder/build/sdcc-build/orig/sdcc/src/pic14/gen.c:2316:resultRemat *{*
                      00330 ;;; /home/sdcc-builder/build/sdcc-build/orig/sdcc/src/pic14/gen.c:2340:genFunction *{*
                      00331 ;; ***  genFunction  2342 curr label offset=0previous max_key=0 
0025                  00332 _led_Init       ;Function start
                      00333 ; 2 exit points
                      00334 ;;; /home/sdcc-builder/build/sdcc-build/orig/sdcc/src/pic14/gen.c:2316:resultRemat *{*
                      00335 ;;; /home/sdcc-builder/build/sdcc-build/orig/sdcc/src/pic14/gen.c:7120:genCast *{*
                      00336 ;; ***  genCast  7121
                      00337 ;; ***  aopForSym 315
                      00338 ;;      327 sym->rname = _TRISC, size = 1
                      00339 ;;      694 register type nRegs=1
                      00340 ;;      line = 7129 result AOP_REG=r0x1048, size=1, left -=-, size=0, right AOP_DIR=_TRISC, size=1
                      00341 ;; ***  genCast  7253
                      00342 ;; >>> /home/sdcc-builder/build/sdcc-build/orig/sdcc/src/pic14/gen.c:7277:genCast
                      00343 ;;      1009
                      00344 ;;      1028  _TRISC   offset=0
                      00345         .line   6; "led.c"      GPIO_InitPortPin(GPIO_PORTC_CONTROL, GPIO_PIN_3, GPIO_OUT);
0025   ???? ????      00346         BANKSEL _TRISC
0027   08??           00347         MOVF    _TRISC,W
                      00348 ;; >>> /home/sdcc-builder/build/sdcc-build/orig/sdcc/src/pic14/gen.c:7278:genCast
                      00349 ;;      1109 rIdx = r0x1048 
0028   ???? ????      00350         BANKSEL r0x1002
002A   00??           00351         MOVWF   r0x1002
                      00352 ;;; /home/sdcc-builder/build/sdcc-build/orig/sdcc/src/pic14/gen.c:2316:resultRemat *{*
                      00353 ;;; /home/sdcc-builder/build/sdcc-build/orig/sdcc/src/pic14/gen.c:3919:genAnd *{*
                      00354 ;; ***  genAnd  3920
                      00355 ;;      694 register type nRegs=1
gpasm-1.4.0 #1106 (Oct  6 2014) obj\Debug\led   11-12-2019  22:28:54        PAGE  8


LOC    OBJECT CODE    LINE  SOURCE TEXT
  VALUE

                      00356 ;; ***  aopForSym 315
                      00357 ;;      327 sym->rname = _TRISC, size = 1
                      00358 ;;      line = 3955 result AOP_DIR=_TRISC, size=1, left AOP_REG=r0x1048, size=1, right AOP_LIT=0xf7, siz
                            e=1
                      00359 ;; >>> /home/sdcc-builder/build/sdcc-build/orig/sdcc/src/pic14/gen.c:4190:genAnd
002B   30F7           00360         MOVLW   0xf7
                      00361 ;; >>> /home/sdcc-builder/build/sdcc-build/orig/sdcc/src/pic14/gen.c:4191:genAnd
                      00362 ;;      1109 rIdx = r0x1048 
002C   05??           00363         ANDWF   r0x1002,W
                      00364 ;; >>> /home/sdcc-builder/build/sdcc-build/orig/sdcc/src/pic14/gen.c:4192:genAnd
                      00365 ;;      1009
                      00366 ;;      1028  _TRISC   offset=0
002D   ???? ????      00367         BANKSEL _TRISC
002F   00??           00368         MOVWF   _TRISC
                      00369 ;;; /home/sdcc-builder/build/sdcc-build/orig/sdcc/src/pic14/gen.c:2316:resultRemat *{*
                      00370 ;;; /home/sdcc-builder/build/sdcc-build/orig/sdcc/src/pic14/gen.c:7120:genCast *{*
                      00371 ;; ***  genCast  7121
                      00372 ;; ***  aopForSym 315
                      00373 ;;      327 sym->rname = _PORTC, size = 1
                      00374 ;;      694 register type nRegs=1
                      00375 ;;      line = 7129 result AOP_REG=r0x1048, size=1, left -=-, size=0, right AOP_DIR=_PORTC, size=1
                      00376 ;; ***  genCast  7253
                      00377 ;; >>> /home/sdcc-builder/build/sdcc-build/orig/sdcc/src/pic14/gen.c:7277:genCast
                      00378 ;;      1009
                      00379 ;;      1028  _PORTC   offset=0
                      00380         .line   7; "led.c"      GPIO_WritePortPin(GPIO_PORTC_DATA, GPIO_PIN_3, LED_OFF);
0030   ???? ????      00381         BANKSEL _PORTC
0032   08??           00382         MOVF    _PORTC,W
                      00383 ;; >>> /home/sdcc-builder/build/sdcc-build/orig/sdcc/src/pic14/gen.c:7278:genCast
                      00384 ;;      1109 rIdx = r0x1048 
0033   ???? ????      00385         BANKSEL r0x1002
0035   00??           00386         MOVWF   r0x1002
                      00387 ;;; /home/sdcc-builder/build/sdcc-build/orig/sdcc/src/pic14/gen.c:2316:resultRemat *{*
                      00388 ;;; /home/sdcc-builder/build/sdcc-build/orig/sdcc/src/pic14/gen.c:3919:genAnd *{*
                      00389 ;; ***  genAnd  3920
                      00390 ;;      694 register type nRegs=1
                      00391 ;; ***  aopForSym 315
                      00392 ;;      327 sym->rname = _PORTC, size = 1
                      00393 ;;      line = 3955 result AOP_DIR=_PORTC, size=1, left AOP_REG=r0x1048, size=1, right AOP_LIT=0xf7, siz
                            e=1
                      00394 ;; >>> /home/sdcc-builder/build/sdcc-build/orig/sdcc/src/pic14/gen.c:4190:genAnd
0036   30F7           00395         MOVLW   0xf7
                      00396 ;; >>> /home/sdcc-builder/build/sdcc-build/orig/sdcc/src/pic14/gen.c:4191:genAnd
                      00397 ;;      1109 rIdx = r0x1048 
0037   05??           00398         ANDWF   r0x1002,W
                      00399 ;; >>> /home/sdcc-builder/build/sdcc-build/orig/sdcc/src/pic14/gen.c:4192:genAnd
                      00400 ;;      1009
                      00401 ;;      1028  _PORTC   offset=0
0038   ???? ????      00402         BANKSEL _PORTC
003A   00??           00403         MOVWF   _PORTC
                      00404 ;;; /home/sdcc-builder/build/sdcc-build/orig/sdcc/src/pic14/gen.c:2316:resultRemat *{*
                      00405 ;;; /home/sdcc-builder/build/sdcc-build/orig/sdcc/src/pic14/gen.c:2760:genLabel *{*
                      00406 ;; ***  genLabel  2763
gpasm-1.4.0 #1106 (Oct  6 2014) obj\Debug\led   11-12-2019  22:28:54        PAGE  9


LOC    OBJECT CODE    LINE  SOURCE TEXT
  VALUE

                      00407 ;;; /home/sdcc-builder/build/sdcc-build/orig/sdcc/src/pic14/gen.c:2316:resultRemat *{*
                      00408 ;;; /home/sdcc-builder/build/sdcc-build/orig/sdcc/src/pic14/gen.c:2528:genEndFunction *{*
                      00409 ;; ***  genEndFunction  2530
003B   0008           00410         RETURN  
                      00411 ; exit point of _led_Init
                      00412 ;;; /home/sdcc-builder/build/sdcc-build/orig/sdcc/src/pic14/gen.c:7426:genpic14Code *{*
                      00413 
                      00414 
                      00415 ;       code size estimation:
                      00416 ;          30+   15 =    45 instructions (  120 byte)
                      00417 
                      00418         end
gpasm-1.4.0 #1106 (Oct  6 2014) obj\Debug\led   11-12-2019  22:28:54        PAGE 10


SYMBOL TABLE
  LABEL                             VALUE

ACKDT                             00000005
ACKEN                             00000004
ACKSTAT                           00000006
ADCON0                            0000001F
ADCON1                            0000009F
ADCS0                             00000006
ADCS1                             00000007
ADCS2                             00000006
ADDEN                             00000003
ADFM                              00000007
ADIE                              00000006
ADIF                              00000006
ADON                              00000000
ADRESH                            0000001E
ADRESL                            0000009E
BCLIE                             00000003
BCLIF                             00000003
BF                                00000000
BRGH                              00000002
C                                 00000000
C1INV                             00000004
C1OUT                             00000006
C2INV                             00000005
C2OUT                             00000007
CCP1CON                           00000017
CCP1IE                            00000002
CCP1IF                            00000002
CCP1M0                            00000000
CCP1M1                            00000001
CCP1M2                            00000002
CCP1M3                            00000003
CCP1X                             00000005
CCP1Y                             00000004
CCP2CON                           0000001D
CCP2IE                            00000000
CCP2IF                            00000000
CCP2M0                            00000000
CCP2M1                            00000001
CCP2M2                            00000002
CCP2M3                            00000003
CCP2X                             00000005
CCP2Y                             00000004
CCPR1                             00000015
CCPR1H                            00000016
CCPR1L                            00000015
CCPR2                             0000001B
CCPR2H                            0000001C
CCPR2L                            0000001B
CHS0                              00000003
CHS1                              00000004
CHS2                              00000005
CIS                               00000003
CKE                               00000006
gpasm-1.4.0 #1106 (Oct  6 2014) obj\Debug\led   11-12-2019  22:28:54        PAGE 11


SYMBOL TABLE
  LABEL                             VALUE 

CKP                               00000004
CM0                               00000000
CM1                               00000001
CM2                               00000002
CMCON                             0000009C
CMIE                              00000006
CMIF                              00000006
CREN                              00000004
CSRC                              00000007
CVR0                              00000000
CVR1                              00000001
CVR2                              00000002
CVR3                              00000003
CVRCON                            0000009D
CVREN                             00000007
CVROE                             00000006
CVRR                              00000005
D                                 00000005
DATA_ADDRESS                      00000005
DC                                00000001
D_A                               00000005
D_NOT_A                           00000005
EEADR                             0000010D
EEADRH                            0000010F
EECON1                            0000018C
EECON2                            0000018D
EEDATA                            0000010C
EEDATH                            0000010E
EEIE                              00000004
EEIF                              00000004
EEPGD                             00000007
F                                 00000001
FERR                              00000002
FSR                               00000004
GCEN                              00000007
GIE                               00000007
GO                                00000002
GO_DONE                           00000002
GO_NOT_DONE                       00000002
I2C_DATA                          00000005
I2C_READ                          00000002
I2C_START                         00000003
I2C_STOP                          00000004
IBF                               00000007
IBOV                              00000005
INDF                              00000000
INTCON                            0000000B
INTE                              00000004
INTEDG                            00000006
INTF                              00000001
IRP                               00000007
NOT_A                             00000005
NOT_ADDRESS                       00000005
gpasm-1.4.0 #1106 (Oct  6 2014) obj\Debug\led   11-12-2019  22:28:54        PAGE 12


SYMBOL TABLE
  LABEL                             VALUE 

NOT_BO                            00000000
NOT_BOR                           00000000
NOT_DONE                          00000002
NOT_PD                            00000003
NOT_POR                           00000001
NOT_RBPU                          00000007
NOT_RC8                           00000006
NOT_T1SYNC                        00000002
NOT_TO                            00000004
NOT_TX8                           00000006
NOT_W                             00000002
NOT_WRITE                         00000002
OBF                               00000006
OERR                              00000001
OPTION_REG                        00000081
P                                 00000004
PCFG0                             00000000
PCFG1                             00000001
PCFG2                             00000002
PCFG3                             00000003
PCL                               00000002
PCLATH                            0000000A
PCON                              0000008E
PEIE                              00000006
PEN                               00000002
PIE1                              0000008C
PIE2                              0000008D
PIR1                              0000000C
PIR2                              0000000D
PORTA                             00000005
PORTB                             00000006
PORTC                             00000007
PORTD                             00000008
PORTE                             00000009
PR2                               00000092
PS0                               00000000
PS1                               00000001
PS2                               00000002
PSA                               00000003
PSAVE                             00000000
PSPIE                             00000007
PSPIF                             00000007
PSPMODE                           00000004
R                                 00000002
RA0                               00000000
RA1                               00000001
RA2                               00000002
RA3                               00000003
RA4                               00000004
RA5                               00000005
RB0                               00000000
RB1                               00000001
RB2                               00000002
gpasm-1.4.0 #1106 (Oct  6 2014) obj\Debug\led   11-12-2019  22:28:54        PAGE 13


SYMBOL TABLE
  LABEL                             VALUE 

RB3                               00000003
RB4                               00000004
RB5                               00000005
RB6                               00000006
RB7                               00000007
RBIE                              00000003
RBIF                              00000000
RC0                               00000000
RC1                               00000001
RC2                               00000002
RC3                               00000003
RC4                               00000004
RC5                               00000005
RC6                               00000006
RC7                               00000007
RC8_9                             00000006
RC9                               00000006
RCD8                              00000000
RCEN                              00000003
RCIE                              00000005
RCIF                              00000005
RCREG                             0000001A
RCSTA                             00000018
RD                                00000000
RD0                               00000000
RD1                               00000001
RD2                               00000002
RD3                               00000003
RD4                               00000004
RD5                               00000005
RD6                               00000006
RD7                               00000007
RE0                               00000000
RE1                               00000001
RE2                               00000002
READ_WRITE                        00000002
RP0                               00000005
RP1                               00000006
RSEN                              00000001
RX9                               00000006
RX9D                              00000000
R_NOT_W                           00000002
R_W                               00000002
S                                 00000003
SEN                               00000000
SMP                               00000007
SPBRG                             00000099
SPEN                              00000007
SREN                              00000005
SSAVE                             00000000
SSPADD                            00000093
SSPBUF                            00000013
SSPCON                            00000014
gpasm-1.4.0 #1106 (Oct  6 2014) obj\Debug\led   11-12-2019  22:28:54        PAGE 14


SYMBOL TABLE
  LABEL                             VALUE 

SSPCON2                           00000091
SSPEN                             00000005
SSPIE                             00000003
SSPIF                             00000003
SSPM0                             00000000
SSPM1                             00000001
SSPM2                             00000002
SSPM3                             00000003
SSPOV                             00000006
SSPSTAT                           00000094
STATUS                            00000003
STK00                             00000000
STK01                             00000000
STK02                             00000000
STK03                             00000000
STK04                             00000000
STK05                             00000000
STK06                             00000000
STK07                             00000000
STK08                             00000000
STK09                             00000000
STK10                             00000000
STK11                             00000000
STK12                             00000000
SYNC                              00000004
T0CS                              00000005
T0IE                              00000005
T0IF                              00000002
T0SE                              00000004
T1CKPS0                           00000004
T1CKPS1                           00000005
T1CON                             00000010
T1INSYNC                          00000002
T1OSCEN                           00000003
T1SYNC                            00000002
T2CKPS0                           00000000
T2CKPS1                           00000001
T2CON                             00000012
TMR0                              00000001
TMR0IE                            00000005
TMR0IF                            00000002
TMR1                              0000000E
TMR1CS                            00000001
TMR1H                             0000000F
TMR1IE                            00000000
TMR1IF                            00000000
TMR1L                             0000000E
TMR1ON                            00000000
TMR2                              00000011
TMR2IE                            00000001
TMR2IF                            00000001
TMR2ON                            00000002
TOUTPS0                           00000003
gpasm-1.4.0 #1106 (Oct  6 2014) obj\Debug\led   11-12-2019  22:28:54        PAGE 15


SYMBOL TABLE
  LABEL                             VALUE 

TOUTPS1                           00000004
TOUTPS2                           00000005
TOUTPS3                           00000006
TRISA                             00000085
TRISA0                            00000000
TRISA1                            00000001
TRISA2                            00000002
TRISA3                            00000003
TRISA4                            00000004
TRISA5                            00000005
TRISB                             00000086
TRISB0                            00000000
TRISB1                            00000001
TRISB2                            00000002
TRISB3                            00000003
TRISB4                            00000004
TRISB5                            00000005
TRISB6                            00000006
TRISB7                            00000007
TRISC                             00000087
TRISC0                            00000000
TRISC1                            00000001
TRISC2                            00000002
TRISC3                            00000003
TRISC4                            00000004
TRISC5                            00000005
TRISC6                            00000006
TRISC7                            00000007
TRISD                             00000088
TRISD0                            00000000
TRISD1                            00000001
TRISD2                            00000002
TRISD3                            00000003
TRISD4                            00000004
TRISD5                            00000005
TRISD6                            00000006
TRISD7                            00000007
TRISE                             00000089
TRISE0                            00000000
TRISE1                            00000001
TRISE2                            00000002
TRMT                              00000001
TX8_9                             00000006
TX9                               00000006
TX9D                              00000000
TXD8                              00000000
TXEN                              00000005
TXIE                              00000004
TXIF                              00000004
TXREG                             00000019
TXSTA                             00000098
UA                                00000001
W                                 00000000
gpasm-1.4.0 #1106 (Oct  6 2014) obj\Debug\led   11-12-2019  22:28:54        PAGE 16


SYMBOL TABLE
  LABEL                             VALUE 

WCOL                              00000007
WR                                00000001
WREN                              00000002
WRERR                             00000003
WSAVE                             00000000
Z                                 00000002
_00110_DS_                        00000016
_00112_DS_                        00000024
_ADCON0                           00000000
_ADCON0bits                       00000000
_ADCON1                           00000000
_ADCON1bits                       00000000
_ADRESH                           00000000
_ADRESL                           00000000
_BODEN_OFF                        00003FBF
_BODEN_ON                         00003FFF
_BOREN_OFF                        00003FBF
_BOREN_ON                         00003FFF
_CCP1CON                          00000000
_CCP1CONbits                      00000000
_CCP2CON                          00000000
_CCP2CONbits                      00000000
_CCPR1                            00000000
_CCPR1H                           00000000
_CCPR1L                           00000000
_CCPR2                            00000000
_CCPR2H                           00000000
_CCPR2L                           00000000
_CMCON                            00000000
_CMCONbits                        00000000
_CONFIG                           00002007
_CPD_OFF                          00003FFF
_CPD_ON                           00003EFF
_CP_ALL                           00001FFF
_CP_OFF                           00003FFF
_CP_ON                            00001FFF
_CVRCON                           00000000
_CVRCONbits                       00000000
_DEBUG_OFF                        00003FFF
_DEBUG_ON                         000037FF
_DEVID1                           00002006
_EEADR                            00000000
_EEADRH                           00000000
_EECON1                           00000000
_EECON1bits                       00000000
_EECON2                           00000000
_EEDATA                           00000000
_EEDATH                           00000000
_FOSC_EXTRC                       00003FFF
_FOSC_HS                          00003FFE
_FOSC_LP                          00003FFC
_FOSC_XT                          00003FFD
_FSR                              00000000
gpasm-1.4.0 #1106 (Oct  6 2014) obj\Debug\led   11-12-2019  22:28:54        PAGE 17


SYMBOL TABLE
  LABEL                             VALUE 

_HS_OSC                           00003FFE
_IDLOC0                           00002000
_IDLOC1                           00002001
_IDLOC2                           00002002
_IDLOC3                           00002003
_INDF                             00000000
_INTCON                           00000000
_INTCONbits                       00000000
_LP_OSC                           00003FFC
_LVP_OFF                          00003F7F
_LVP_ON                           00003FFF
_OPTION_REG                       00000000
_OPTION_REGbits                   00000000
_OS_Init                          00000000
_OS_Set_AP                        00000000
_OS_Set_ZCD                       00000000
_OS_Start                         00000000
_OS_Update                        00000000
_PCL                              00000000
_PCLATH                           00000000
_PCON                             00000000
_PCONbits                         00000000
_PIE1                             00000000
_PIE1bits                         00000000
_PIE2                             00000000
_PIE2bits                         00000000
_PIR1                             00000000
_PIR1bits                         00000000
_PIR2                             00000000
_PIR2bits                         00000000
_PORTA                            00000000
_PORTAbits                        00000000
_PORTB                            00000000
_PORTBbits                        00000000
_PORTC                            00000000
_PORTCbits                        00000000
_PORTD                            00000000
_PORTDbits                        00000000
_PORTE                            00000000
_PORTEbits                        00000000
_PR2                              00000000
_PWRTE_OFF                        00003FFF
_PWRTE_ON                         00003FF7
_RCREG                            00000000
_RCSTA                            00000000
_RCSTAbits                        00000000
_RC_OSC                           00003FFF
_SPBRG                            00000000
_SSPADD                           00000000
_SSPBUF                           00000000
_SSPCON                           00000000
_SSPCON2                          00000000
_SSPCON2bits                      00000000
gpasm-1.4.0 #1106 (Oct  6 2014) obj\Debug\led   11-12-2019  22:28:54        PAGE 18


SYMBOL TABLE
  LABEL                             VALUE 

_SSPCONbits                       00000000
_SSPSTAT                          00000000
_SSPSTATbits                      00000000
_STATUS                           00000000
_STATUSbits                       00000000
_T1CON                            00000000
_T1CONbits                        00000000
_T2CON                            00000000
_T2CONbits                        00000000
_TMR0                             00000000
_TMR1                             00000000
_TMR1H                            00000000
_TMR1L                            00000000
_TMR2                             00000000
_TRISA                            00000000
_TRISAbits                        00000000
_TRISB                            00000000
_TRISBbits                        00000000
_TRISC                            00000000
_TRISCbits                        00000000
_TRISD                            00000000
_TRISDbits                        00000000
_TRISE                            00000000
_TRISEbits                        00000000
_TXREG                            00000000
_TXSTA                            00000000
_TXSTAbits                        00000000
_WDTE_OFF                         00003FFB
_WDTE_ON                          00003FFF
_WDT_OFF                          00003FFB
_WDT_ON                           00003FFF
_WRT_1FOURTH                      00003BFF
_WRT_256                          00003DFF
_WRT_HALF                         000039FF
_WRT_OFF                          00003FFF
_XT_OSC                           00003FFD
__16F877A                         00000001
__CODE_END                        00001FFF
__CODE_START                      00000000
__COMMON_RAM_END                  0000007F
__COMMON_RAM_START                00000070
__EEPROM_END                      000021FF
__EEPROM_START                    00002100
__VECTOR_INT                      00000004
__VECTOR_RESET                    00000000
_led_Init                         00000025
_led_Update                       00000000
_led_Update_led_State_1_11        00000002
r0x1001                           00000001
r0x1002                           00000000

Errors   :     0
Warnings :     0 reported,     0 suppressed
gpasm-1.4.0 #1106 (Oct  6 2014) obj\Debug\led   11-12-2019  22:28:54        PAGE 19




Messages :     0 reported,     0 suppressed

