gpasm-1.4.0 #1106 (Oct  6 2014) obj\Debug\OS.   11-13-2019  01:55:32        PAGE  1


LOC    OBJECT CODE    LINE  SOURCE TEXT
  VALUE

                      00001 ;--------------------------------------------------------
                      00002 ; File Created by SDCC : free open source ANSI-C Compiler
                      00003 ; Version 3.5.0 #9253 (Jun 20 2015) (MINGW32)
                      00004 ; This file was generated Wed Nov 13 01:55:32 2019
                      00005 ;--------------------------------------------------------
                      00006 ; PIC port for the 14-bit core
                      00007 ;--------------------------------------------------------
                      00008         .file   "OS.c"
                      00009         list    p=16f877a
                      00010         radix dec
                      00011         include "p16f877a.inc"
                      00001         LIST
                      00002 
                      00003 ;==========================================================================
                      00004 ; Build date : Aug 07 2014
                      00005 ;  MPASM PIC16F877A processor include
                      00006 ; 
                      00007 ;  (c) Copyright 1999-2014 Microchip Technology, All rights reserved
                      00008 ;==========================================================================
                      00009 
                      00567         LIST
                      00012 ;--------------------------------------------------------
                      00013 ; external declarations
                      00014 ;--------------------------------------------------------
  0000                00015         extern  _SSD_Init
  0000                00016         extern  _SSD_Update
  0000                00017         extern  _SSD_Buffer_Set
  0000                00018         extern  _switch_Init
  0000                00019         extern  _switch_Update
  0000                00020         extern  _switch_Get_State
  0000                00021         extern  _sysControl_Init
  0000                00022         extern  _sysControl_Update
  0000                00023         extern  _comparator_Init
  0000                00024         extern  _comparator_Update
  0000                00025         extern  _motor_Init
  0000                00026         extern  _zero_Crossing_Update
  0000                00027         extern  _firing_Update
  0000                00028         extern  _pulse_Firing
  0000                00029         extern  _soft_Switching_Update
  0000                00030         extern  _STATUSbits
  0000                00031         extern  _PORTAbits
  0000                00032         extern  _PORTBbits
  0000                00033         extern  _PORTCbits
  0000                00034         extern  _PORTDbits
  0000                00035         extern  _PORTEbits
  0000                00036         extern  _INTCONbits
  0000                00037         extern  _PIR1bits
  0000                00038         extern  _PIR2bits
  0000                00039         extern  _T1CONbits
  0000                00040         extern  _T2CONbits
  0000                00041         extern  _SSPCONbits
  0000                00042         extern  _CCP1CONbits
  0000                00043         extern  _RCSTAbits
gpasm-1.4.0 #1106 (Oct  6 2014) obj\Debug\OS.   11-13-2019  01:55:32        PAGE  2


LOC    OBJECT CODE    LINE  SOURCE TEXT
  VALUE

  0000                00044         extern  _CCP2CONbits
  0000                00045         extern  _ADCON0bits
  0000                00046         extern  _OPTION_REGbits
  0000                00047         extern  _TRISAbits
  0000                00048         extern  _TRISBbits
  0000                00049         extern  _TRISCbits
  0000                00050         extern  _TRISDbits
  0000                00051         extern  _TRISEbits
  0000                00052         extern  _PIE1bits
  0000                00053         extern  _PIE2bits
  0000                00054         extern  _PCONbits
  0000                00055         extern  _SSPCON2bits
  0000                00056         extern  _SSPSTATbits
  0000                00057         extern  _TXSTAbits
  0000                00058         extern  _CMCONbits
  0000                00059         extern  _CVRCONbits
  0000                00060         extern  _ADCON1bits
  0000                00061         extern  _EECON1bits
  0000                00062         extern  _INDF
  0000                00063         extern  _TMR0
  0000                00064         extern  _PCL
  0000                00065         extern  _STATUS
  0000                00066         extern  _FSR
  0000                00067         extern  _PORTA
  0000                00068         extern  _PORTB
  0000                00069         extern  _PORTC
  0000                00070         extern  _PORTD
  0000                00071         extern  _PORTE
  0000                00072         extern  _PCLATH
  0000                00073         extern  _INTCON
  0000                00074         extern  _PIR1
  0000                00075         extern  _PIR2
  0000                00076         extern  _TMR1
  0000                00077         extern  _TMR1L
  0000                00078         extern  _TMR1H
  0000                00079         extern  _T1CON
  0000                00080         extern  _TMR2
  0000                00081         extern  _T2CON
  0000                00082         extern  _SSPBUF
  0000                00083         extern  _SSPCON
  0000                00084         extern  _CCPR1
  0000                00085         extern  _CCPR1L
  0000                00086         extern  _CCPR1H
  0000                00087         extern  _CCP1CON
  0000                00088         extern  _RCSTA
  0000                00089         extern  _TXREG
  0000                00090         extern  _RCREG
  0000                00091         extern  _CCPR2
  0000                00092         extern  _CCPR2L
  0000                00093         extern  _CCPR2H
  0000                00094         extern  _CCP2CON
  0000                00095         extern  _ADRESH
  0000                00096         extern  _ADCON0
gpasm-1.4.0 #1106 (Oct  6 2014) obj\Debug\OS.   11-13-2019  01:55:32        PAGE  3


LOC    OBJECT CODE    LINE  SOURCE TEXT
  VALUE

  0000                00097         extern  _OPTION_REG
  0000                00098         extern  _TRISA
  0000                00099         extern  _TRISB
  0000                00100         extern  _TRISC
  0000                00101         extern  _TRISD
  0000                00102         extern  _TRISE
  0000                00103         extern  _PIE1
  0000                00104         extern  _PIE2
  0000                00105         extern  _PCON
  0000                00106         extern  _SSPCON2
  0000                00107         extern  _PR2
  0000                00108         extern  _SSPADD
  0000                00109         extern  _SSPSTAT
  0000                00110         extern  _TXSTA
  0000                00111         extern  _SPBRG
  0000                00112         extern  _CMCON
  0000                00113         extern  _CVRCON
  0000                00114         extern  _ADRESL
  0000                00115         extern  _ADCON1
  0000                00116         extern  _EEDATA
  0000                00117         extern  _EEADR
  0000                00118         extern  _EEDATH
  0000                00119         extern  _EEADRH
  0000                00120         extern  _EECON1
  0000                00121         extern  _EECON2
  0000                00122         extern  ___sdcc_saved_fsr
                      00123 
  0000                00124         extern PSAVE
  0000                00125         extern SSAVE
  0000                00126         extern WSAVE
  0000                00127         extern STK12
  0000                00128         extern STK11
  0000                00129         extern STK10
  0000                00130         extern STK09
  0000                00131         extern STK08
  0000                00132         extern STK07
  0000                00133         extern STK06
  0000                00134         extern STK05
  0000                00135         extern STK04
  0000                00136         extern STK03
  0000                00137         extern STK02
  0000                00138         extern STK01
  0000                00139         extern STK00
                      00140 ;--------------------------------------------------------
                      00141 ; global declarations
                      00142 ;--------------------------------------------------------
  0000                00143         global  _OS_Set_AP
  0000                00144         global  _OS_Update
  0000                00145         global  _OS_Start
  0000                00146         global  _OS_Init
                      00147 
                      00148 ;--------------------------------------------------------
                      00149 ; global definitions
gpasm-1.4.0 #1106 (Oct  6 2014) obj\Debug\OS.   11-13-2019  01:55:32        PAGE  4


LOC    OBJECT CODE    LINE  SOURCE TEXT
  VALUE

                      00150 ;--------------------------------------------------------
                      00151 ;--------------------------------------------------------
                      00152 ; absolute symbol definitions
                      00153 ;--------------------------------------------------------
                      00154 ;--------------------------------------------------------
                      00155 ; compiler-defined variables
                      00156 ;--------------------------------------------------------
                      00157 UDL_OS_0        udata
0000                  00158 r0x1002 res     1
                      00159 ;--------------------------------------------------------
                      00160 ; initialized data
                      00161 ;--------------------------------------------------------
                      00162 
                      00163 ID_OS_0 idata
0000                  00164 _active_pulse
0000   00             00165         db      0x00
                      00166 
                      00167 ;--------------------------------------------------------
                      00168 ; overlayable items in internal ram 
                      00169 ;--------------------------------------------------------
                      00170 ;       udata_ovr
                      00171 ;--------------------------------------------------------
                      00172 ; interrupt and initialization code
                      00173 ;--------------------------------------------------------
                      00174 c_interrupt     code    0x4
0004                  00175 __sdcc_interrupt
                      00176 ;***
                      00177 ;  pBlock Stats: dbName = I
                      00178 ;***
                      00179 ;entry:  _OS_Update     ;Function start
                      00180 ; 0 exit points
                      00181 ;functions called:
                      00182 ;   _firing_Update
                      00183 ;   _pulse_Firing
                      00184 ;   _firing_Update
                      00185 ;   _pulse_Firing
                      00186 ;2 compiler assigned registers:
                      00187 ;   r0x1002
                      00188 ;   r0x1003
                      00189 ;; Starting pCode block
                      00190 ;;; /home/sdcc-builder/build/sdcc-build/orig/sdcc/src/pic14/gen.c:2316:resultRemat *{*
                      00191 ;;; /home/sdcc-builder/build/sdcc-build/orig/sdcc/src/pic14/gen.c:2760:genLabel *{*
                      00192 ;; ***  genLabel  2763
                      00193 ;;; /home/sdcc-builder/build/sdcc-build/orig/sdcc/src/pic14/gen.c:2316:resultRemat *{*
                      00194 ;;; /home/sdcc-builder/build/sdcc-build/orig/sdcc/src/pic14/gen.c:2340:genFunction *{*
                      00195 ;; ***  genFunction  2342 curr label offset=8previous max_key=0 
0004                  00196 _OS_Update      ;Function start
                      00197 ; 0 exit points
                      00198 ;; >>> /home/sdcc-builder/build/sdcc-build/orig/sdcc/src/pic14/gen.c:2407:genFunction
                      00199         .line   27; "OS.c"      void OS_Update(void) __interrupt 0{
0004   00??           00200         MOVWF   WSAVE
                      00201 ;; >>> /home/sdcc-builder/build/sdcc-build/orig/sdcc/src/pic14/gen.c:2408:genFunction
0005   0E03           00202         SWAPF   STATUS,W
gpasm-1.4.0 #1106 (Oct  6 2014) obj\Debug\OS.   11-13-2019  01:55:32        PAGE  5


LOC    OBJECT CODE    LINE  SOURCE TEXT
  VALUE

                      00203 ;; >>> /home/sdcc-builder/build/sdcc-build/orig/sdcc/src/pic14/gen.c:2413:genFunction
0006   0183           00204         CLRF    STATUS
                      00205 ;; >>> /home/sdcc-builder/build/sdcc-build/orig/sdcc/src/pic14/gen.c:2414:genFunction
0007   00??           00206         MOVWF   SSAVE
                      00207 ;; >>> /home/sdcc-builder/build/sdcc-build/orig/sdcc/src/pic14/gen.c:2416:genFunction
0008   080A           00208         MOVF    PCLATH,W
                      00209 ;; >>> /home/sdcc-builder/build/sdcc-build/orig/sdcc/src/pic14/gen.c:2418:genFunction
0009   018A           00210         CLRF    PCLATH
                      00211 ;; >>> /home/sdcc-builder/build/sdcc-build/orig/sdcc/src/pic14/gen.c:2419:genFunction
000A   00??           00212         MOVWF   PSAVE
                      00213 ;; >>> /home/sdcc-builder/build/sdcc-build/orig/sdcc/src/pic14/gen.c:2421:genFunction
000B   0804           00214         MOVF    FSR,W
                      00215 ;; >>> /home/sdcc-builder/build/sdcc-build/orig/sdcc/src/pic14/gen.c:2422:genFunction
000C   ???? ????      00216         BANKSEL ___sdcc_saved_fsr
000E   00??           00217         MOVWF   ___sdcc_saved_fsr
                      00218 ;;; /home/sdcc-builder/build/sdcc-build/orig/sdcc/src/pic14/gen.c:2316:resultRemat *{*
                      00219 ;;; /home/sdcc-builder/build/sdcc-build/orig/sdcc/src/pic14/gen.c:2316:resultRemat *{*
                      00220 ;;; /home/sdcc-builder/build/sdcc-build/orig/sdcc/src/pic14/gen.c:6686:genPointerSet *{*
                      00221 ;; ***  genPointerSet  6687
                      00222 ;;; /home/sdcc-builder/build/sdcc-build/orig/sdcc/src/pic14/gen.c:6505:genNearPointerSet *{*
                      00223 ;; ***  genNearPointerSet  6506
                      00224 ;;      613
                      00225 ;;      aopForRemat 392
                      00226 ;;      418: rname _INTCONbits, val 0, const = 0
                      00227 ;; ***  genNearPointerSet  6521
                      00228 ;;      833: aopGet AOP_PCODE type PO_IMMEDIATE
                      00229 ;;      _INTCONbits
                      00230 ;;      line = 6523 result AOP_PCODE=_INTCONbits, size=2, left -=-, size=0, right AOP_LIT=0x00, size=1
                      00231 ;;; /home/sdcc-builder/build/sdcc-build/orig/sdcc/src/pic14/gen.c:6249:genPackBits *{*
                      00232 ;; ***  genPackBits  6250
                      00233 ;;      833: aopGet AOP_PCODE type PO_IMMEDIATE
                      00234 ;;      _INTCONbits
                      00235 ;; >>> /home/sdcc-builder/build/sdcc-build/orig/sdcc/src/pic14/gen.c:6275:genPackBits
                      00236         .line   28; "OS.c"      CLEAR_TIMER_FLAG;
000F   ???? ????      00237         BANKSEL _INTCONbits
0011   11??           00238         BCF     _INTCONbits,2
                      00239 ;;; /home/sdcc-builder/build/sdcc-build/orig/sdcc/src/pic14/gen.c:2316:resultRemat *{*
                      00240 ;;; /home/sdcc-builder/build/sdcc-build/orig/sdcc/src/pic14/gen.c:6927:genAssign *{*
                      00241 ;; ***  genAssign  6928
                      00242 ;; ***  aopForSym 315
                      00243 ;;      327 sym->rname = _TMR0, size = 1
                      00244 ;;      line = 6937 result AOP_DIR=_TMR0, size=1, left -=-, size=0, right AOP_LIT=0x38, size=1
                      00245 ;; ***  genAssign  7023
                      00246 ;; >>> /home/sdcc-builder/build/sdcc-build/orig/sdcc/src/pic14/gen.c:7030:genAssign
                      00247         .line   29; "OS.c"      UPDATE_TIMER;
0012   3038           00248         MOVLW   0x38
                      00249 ;; >>> /home/sdcc-builder/build/sdcc-build/orig/sdcc/src/pic14/gen.c:7032:genAssign
                      00250 ;;      1009
                      00251 ;;      1028  _TMR0   offset=0
0013   00??           00252         MOVWF   _TMR0
                      00253 ;;; /home/sdcc-builder/build/sdcc-build/orig/sdcc/src/pic14/gen.c:2316:resultRemat *{*
                      00254 ;;; /home/sdcc-builder/build/sdcc-build/orig/sdcc/src/pic14/gen.c:2316:resultRemat *{*
                      00255 ;;; /home/sdcc-builder/build/sdcc-build/orig/sdcc/src/pic14/gen.c:6162:genPointerGet *{*
gpasm-1.4.0 #1106 (Oct  6 2014) obj\Debug\OS.   11-13-2019  01:55:32        PAGE  6


LOC    OBJECT CODE    LINE  SOURCE TEXT
  VALUE

                      00256 ;; ***  genPointerGet  6163
                      00257 ;;; /home/sdcc-builder/build/sdcc-build/orig/sdcc/src/pic14/gen.c:5944:genNearPointerGet *{*
                      00258 ;; ***  genNearPointerGet  5945
                      00259 ;;      613
                      00260 ;;      aopForRemat 392
                      00261 ;;      418: rname _PIR2bits, val 0, const = 0
                      00262 ;; ***  genNearPointerGet  5961
                      00263 ;;      694 register type nRegs=1
                      00264 ;;; /home/sdcc-builder/build/sdcc-build/orig/sdcc/src/pic14/gen.c:5760:genUnpackBits *{*
                      00265 ;; ***  genUnpackBits  5761
                      00266 ;; >>> /home/sdcc-builder/build/sdcc-build/orig/sdcc/src/pic14/gen.c:5799:genUnpackBits
                      00267 ;;      1109 rIdx = r0x1048 
                      00268         .line   35; "OS.c"      if(CMIF == DETECTED){
0014   ???? ????      00269         BANKSEL r0x1002
0016   01??           00270         CLRF    r0x1002
                      00271 ;; >>> /home/sdcc-builder/build/sdcc-build/orig/sdcc/src/pic14/gen.c:5805:genUnpackBits
                      00272 ;;      833: aopGet AOP_PCODE type PO_IMMEDIATE
                      00273 ;;      _PIR2bits
0017   ???? ????      00274         BANKSEL _PIR2bits
0019   1F??           00275         BTFSS   _PIR2bits,6
001A   2???           00276         GOTO    _00001_DS_
                      00277 ;; >>> /home/sdcc-builder/build/sdcc-build/orig/sdcc/src/pic14/gen.c:5835:genUnpackBits
                      00278 ;;      1109 rIdx = r0x1048 
001B   ???? ????      00279         BANKSEL r0x1002
001D   0A??           00280         INCF    r0x1002,F
                      00281 ;; ***  addSign  861
                      00282 ;;; /home/sdcc-builder/build/sdcc-build/orig/sdcc/src/pic14/genarith.c:862:addSign *{*
                      00283 ;;; /home/sdcc-builder/build/sdcc-build/orig/sdcc/src/pic14/gen.c:2316:resultRemat *{*
                      00284 ;;; /home/sdcc-builder/build/sdcc-build/orig/sdcc/src/pic14/gen.c:7120:genCast *{*
                      00285 ;; ***  genCast  7121
                      00286 ;;      694 register type nRegs=1
                      00287 ;;      694 register type nRegs=1
                      00288 ;;      line = 7129 result AOP_REG=r0x1049, size=1, left -=-, size=0, right AOP_REG=r0x1048, size=1
                      00289 ;; ***  genCast  7253
                      00290 ;; >>> /home/sdcc-builder/build/sdcc-build/orig/sdcc/src/pic14/gen.c:7277:genCast
                      00291 ;;      1109 rIdx = r0x1048 
001E                  00292 _00001_DS_
001E   ???? ????      00293         BANKSEL r0x1002
0020   08??           00294         MOVF    r0x1002,W
                      00295 ;;1     MOVWF   r0x1003
0021   3A01           00296         XORLW   0x01
                      00297 ;; >>> /home/sdcc-builder/build/sdcc-build/orig/sdcc/src/pic14/gen.c:3687:genCmpEq
0022   1D03           00298         BTFSS   STATUS,2
                      00299 ;; >>> /home/sdcc-builder/build/sdcc-build/orig/sdcc/src/pic14/gen.c:3690:genCmpEq
                      00300 ;; ***  popGetLabel  key=5, label offset 12
0023   2???           00301         GOTO    _00117_DS_
                      00302 ;;; /home/sdcc-builder/build/sdcc-build/orig/sdcc/src/pic14/gen.c:2316:resultRemat *{*
                      00303 ;;; /home/sdcc-builder/build/sdcc-build/orig/sdcc/src/pic14/gen.c:2316:resultRemat *{*
                      00304 ;;; /home/sdcc-builder/build/sdcc-build/orig/sdcc/src/pic14/gen.c:2086:genCall *{*
                      00305 ;; ***  genCall  2088
                      00306 ;;; /home/sdcc-builder/build/sdcc-build/orig/sdcc/src/pic14/gen.c:1801:saveRegisters *{*
                      00307 ;; ***  saveRegisters  1803
                      00308 ;; >>> /home/sdcc-builder/build/sdcc-build/orig/sdcc/src/pic14/gen.c:2173:genCall
gpasm-1.4.0 #1106 (Oct  6 2014) obj\Debug\OS.   11-13-2019  01:55:32        PAGE  7


LOC    OBJECT CODE    LINE  SOURCE TEXT
  VALUE

                      00309         .line   36; "OS.c"      firing_Update();
0024   ???? ????      00310         PAGESEL _firing_Update
                      00311 ;; >>> /home/sdcc-builder/build/sdcc-build/orig/sdcc/src/pic14/gen.c:2175:genCall
0026   2???           00312         CALL    _firing_Update
                      00313 ;; >>> /home/sdcc-builder/build/sdcc-build/orig/sdcc/src/pic14/gen.c:2181:genCall
0027   ???? ????      00314         PAGESEL $
                      00315 ;;; /home/sdcc-builder/build/sdcc-build/orig/sdcc/src/pic14/gen.c:1845:unsaveRegisters *{*
                      00316 ;; ***  unsaveRegisters  1847
                      00317 ;;; /home/sdcc-builder/build/sdcc-build/orig/sdcc/src/pic14/gen.c:2316:resultRemat *{*
                      00318 ;;; /home/sdcc-builder/build/sdcc-build/orig/sdcc/src/pic14/gen.c:3619:genCmpEq *{*
                      00319 ;; ***  genCmpEq  3620
                      00320 ;; ifx is non-null
                      00321 ;; ***  aopForSym 315
                      00322 ;;      327 sym->rname = _active_pulse, size = 1
                      00323 ;;      line = 3631 result AOP_CRY=0x00, size=0, left AOP_DIR=_active_pulse, size=1, right AOP_LIT=0x01,
                             size=1
                      00324 ;; ***  mov2w  1381  offset=0
                      00325 ;; >>> /home/sdcc-builder/build/sdcc-build/orig/sdcc/src/pic14/gen.c:1386:mov2w
                      00326 ;;      1009
                      00327 ;;      1024  _active_pulse   offset=0 - had to alloc by reg name
                      00328         .line   37; "OS.c"      if(active_pulse == ACTIVE){
0029   ???? ????      00329         BANKSEL _active_pulse
002B   08??           00330         MOVF    _active_pulse,W
                      00331 ;; >>> /home/sdcc-builder/build/sdcc-build/orig/sdcc/src/pic14/gen.c:3685:genCmpEq
002C   3A01           00332         XORLW   0x01
                      00333 ;; >>> /home/sdcc-builder/build/sdcc-build/orig/sdcc/src/pic14/gen.c:3687:genCmpEq
002D   1D03           00334         BTFSS   STATUS,2
                      00335 ;; >>> /home/sdcc-builder/build/sdcc-build/orig/sdcc/src/pic14/gen.c:3690:genCmpEq
                      00336 ;; ***  popGetLabel  key=5, label offset 12
002E   2???           00337         GOTO    _00117_DS_
                      00338 ;;; /home/sdcc-builder/build/sdcc-build/orig/sdcc/src/pic14/gen.c:2316:resultRemat *{*
                      00339 ;;; /home/sdcc-builder/build/sdcc-build/orig/sdcc/src/pic14/gen.c:2316:resultRemat *{*
                      00340 ;;; /home/sdcc-builder/build/sdcc-build/orig/sdcc/src/pic14/gen.c:2086:genCall *{*
                      00341 ;; ***  genCall  2088
                      00342 ;;; /home/sdcc-builder/build/sdcc-build/orig/sdcc/src/pic14/gen.c:1801:saveRegisters *{*
                      00343 ;; ***  saveRegisters  1803
                      00344 ;; >>> /home/sdcc-builder/build/sdcc-build/orig/sdcc/src/pic14/gen.c:2173:genCall
                      00345         .line   38; "OS.c"      pulse_Firing();
002F   ???? ????      00346         PAGESEL _pulse_Firing
                      00347 ;; >>> /home/sdcc-builder/build/sdcc-build/orig/sdcc/src/pic14/gen.c:2175:genCall
0031   2???           00348         CALL    _pulse_Firing
                      00349 ;; >>> /home/sdcc-builder/build/sdcc-build/orig/sdcc/src/pic14/gen.c:2181:genCall
0032   ???? ????      00350         PAGESEL $
                      00351 ;;; /home/sdcc-builder/build/sdcc-build/orig/sdcc/src/pic14/gen.c:1845:unsaveRegisters *{*
                      00352 ;; ***  unsaveRegisters  1847
                      00353 ;;; /home/sdcc-builder/build/sdcc-build/orig/sdcc/src/pic14/gen.c:2316:resultRemat *{*
                      00354 ;;; /home/sdcc-builder/build/sdcc-build/orig/sdcc/src/pic14/gen.c:2760:genLabel *{*
                      00355 ;; ***  genLabel  2763
                      00356 ;;; /home/sdcc-builder/build/sdcc-build/orig/sdcc/src/pic14/gen.c:2316:resultRemat *{*
                      00357 ;;; /home/sdcc-builder/build/sdcc-build/orig/sdcc/src/pic14/gen.c:2528:genEndFunction *{*
                      00358 ;; ***  genEndFunction  2530
                      00359 ;;; /home/sdcc-builder/build/sdcc-build/orig/sdcc/src/pic14/gen.c:2023:unsaverbank *{*
                      00360 ;; ***  unsaverbank  2025 - WARNING no code generated
gpasm-1.4.0 #1106 (Oct  6 2014) obj\Debug\OS.   11-13-2019  01:55:32        PAGE  8


LOC    OBJECT CODE    LINE  SOURCE TEXT
  VALUE

                      00361 ;; >>> /home/sdcc-builder/build/sdcc-build/orig/sdcc/src/pic14/gen.c:2622:genEndFunction
0034                  00362 _00117_DS_
0034   ???? ????      00363         BANKSEL ___sdcc_saved_fsr
0036   08??           00364         MOVF    ___sdcc_saved_fsr,W
                      00365 ;; >>> /home/sdcc-builder/build/sdcc-build/orig/sdcc/src/pic14/gen.c:2623:genEndFunction
0037   1283 1303      00366         BANKSEL FSR
0039   0084           00367         MOVWF   FSR
                      00368 ;; >>> /home/sdcc-builder/build/sdcc-build/orig/sdcc/src/pic14/gen.c:2625:genEndFunction
003A   08??           00369         MOVF    PSAVE,W
                      00370 ;; >>> /home/sdcc-builder/build/sdcc-build/orig/sdcc/src/pic14/gen.c:2626:genEndFunction
003B   008A           00371         MOVWF   PCLATH
                      00372 ;; >>> /home/sdcc-builder/build/sdcc-build/orig/sdcc/src/pic14/gen.c:2627:genEndFunction
003C   0183           00373         CLRF    STATUS
                      00374 ;; >>> /home/sdcc-builder/build/sdcc-build/orig/sdcc/src/pic14/gen.c:2629:genEndFunction
003D   0E??           00375         SWAPF   SSAVE,W
                      00376 ;; >>> /home/sdcc-builder/build/sdcc-build/orig/sdcc/src/pic14/gen.c:2630:genEndFunction
003E   0083           00377         MOVWF   STATUS
                      00378 ;; >>> /home/sdcc-builder/build/sdcc-build/orig/sdcc/src/pic14/gen.c:2631:genEndFunction
003F   0E??           00379         SWAPF   WSAVE,F
                      00380 ;; >>> /home/sdcc-builder/build/sdcc-build/orig/sdcc/src/pic14/gen.c:2632:genEndFunction
0040   0E??           00381         SWAPF   WSAVE,W
0041                  00382 END_OF_INTERRUPT
0041   0009           00383         RETFIE  
                      00384 ;;; /home/sdcc-builder/build/sdcc-build/orig/sdcc/src/pic14/gen.c:7426:genpic14Code *{*
                      00385 
                      00386 ;--------------------------------------------------------
                      00387 ; code
                      00388 ;--------------------------------------------------------
                      00389 code_OS code
                      00390 ;***
                      00391 ;  pBlock Stats: dbName = C
                      00392 ;***
                      00393 ;entry:  _OS_Set_AP     ;Function start
                      00394 ; 2 exit points
                      00395 ;has an exit
                      00396 ;; Starting pCode block
                      00397 ;;; /home/sdcc-builder/build/sdcc-build/orig/sdcc/src/pic14/gen.c:2316:resultRemat *{*
                      00398 ;;; /home/sdcc-builder/build/sdcc-build/orig/sdcc/src/pic14/gen.c:2760:genLabel *{*
                      00399 ;; ***  genLabel  2763
                      00400 ;;; /home/sdcc-builder/build/sdcc-build/orig/sdcc/src/pic14/gen.c:2316:resultRemat *{*
                      00401 ;;; /home/sdcc-builder/build/sdcc-build/orig/sdcc/src/pic14/gen.c:2340:genFunction *{*
                      00402 ;; ***  genFunction  2342 curr label offset=12previous max_key=5 
0000                  00403 _OS_Set_AP      ;Function start
                      00404 ; 2 exit points
                      00405 ;;; /home/sdcc-builder/build/sdcc-build/orig/sdcc/src/pic14/gen.c:2316:resultRemat *{*
                      00406 ;;; /home/sdcc-builder/build/sdcc-build/orig/sdcc/src/pic14/gen.c:7358:genReceive *{*
                      00407 ;; ***  genReceive  7359
                      00408 ;; ***  aopForSym 315
                      00409 ;;      327 sym->rname = _active_pulse, size = 1
                      00410 ;;; /home/sdcc-builder/build/sdcc-build/orig/sdcc/src/pic14/gen.c:1907:assignResultValue *{*
                      00411 ;; ***  assignResultValue  1909
                      00412 ;;      line = 1911 result -=-, size=0, left AOP_DIR=_active_pulse, size=1, right -=-, size=0
                      00413 ;; >>> /home/sdcc-builder/build/sdcc-build/orig/sdcc/src/pic14/gen.c:1393:movwf
gpasm-1.4.0 #1106 (Oct  6 2014) obj\Debug\OS.   11-13-2019  01:55:32        PAGE  9


LOC    OBJECT CODE    LINE  SOURCE TEXT
  VALUE

                      00414 ;;      1009
                      00415 ;;      1028  _active_pulse   offset=0
                      00416         .line   44; "OS.c"      void OS_Set_AP(tByte ap){
0000   ???? ????      00417         BANKSEL _active_pulse
0002   00??           00418         MOVWF   _active_pulse
                      00419 ;;; /home/sdcc-builder/build/sdcc-build/orig/sdcc/src/pic14/gen.c:2316:resultRemat *{*
                      00420 ;;; /home/sdcc-builder/build/sdcc-build/orig/sdcc/src/pic14/gen.c:2760:genLabel *{*
                      00421 ;; ***  genLabel  2763
                      00422 ;;; /home/sdcc-builder/build/sdcc-build/orig/sdcc/src/pic14/gen.c:2316:resultRemat *{*
                      00423 ;;; /home/sdcc-builder/build/sdcc-build/orig/sdcc/src/pic14/gen.c:2528:genEndFunction *{*
                      00424 ;; ***  genEndFunction  2530
                      00425         .line   45; "OS.c"      active_pulse = ap;
0003   0008           00426         RETURN  
                      00427 ; exit point of _OS_Set_AP
                      00428 
                      00429 ;***
                      00430 ;  pBlock Stats: dbName = C
                      00431 ;***
                      00432 ;entry:  _OS_Start      ;Function start
                      00433 ; 2 exit points
                      00434 ;has an exit
                      00435 ;; Starting pCode block
                      00436 ;;; /home/sdcc-builder/build/sdcc-build/orig/sdcc/src/pic14/gen.c:2316:resultRemat *{*
                      00437 ;;; /home/sdcc-builder/build/sdcc-build/orig/sdcc/src/pic14/gen.c:2760:genLabel *{*
                      00438 ;; ***  genLabel  2763
                      00439 ;;; /home/sdcc-builder/build/sdcc-build/orig/sdcc/src/pic14/gen.c:2316:resultRemat *{*
                      00440 ;;; /home/sdcc-builder/build/sdcc-build/orig/sdcc/src/pic14/gen.c:2340:genFunction *{*
                      00441 ;; ***  genFunction  2342 curr label offset=4previous max_key=0 
0004                  00442 _OS_Start       ;Function start
                      00443 ; 2 exit points
                      00444 ;;; /home/sdcc-builder/build/sdcc-build/orig/sdcc/src/pic14/gen.c:2316:resultRemat *{*
                      00445 ;;; /home/sdcc-builder/build/sdcc-build/orig/sdcc/src/pic14/gen.c:2316:resultRemat *{*
                      00446 ;;; /home/sdcc-builder/build/sdcc-build/orig/sdcc/src/pic14/gen.c:6686:genPointerSet *{*
                      00447 ;; ***  genPointerSet  6687
                      00448 ;;; /home/sdcc-builder/build/sdcc-build/orig/sdcc/src/pic14/gen.c:6505:genNearPointerSet *{*
                      00449 ;; ***  genNearPointerSet  6506
                      00450 ;;      613
                      00451 ;;      aopForRemat 392
                      00452 ;;      418: rname _INTCONbits, val 0, const = 0
                      00453 ;; ***  genNearPointerSet  6521
                      00454 ;;      833: aopGet AOP_PCODE type PO_IMMEDIATE
                      00455 ;;      _INTCONbits
                      00456 ;;      line = 6523 result AOP_PCODE=_INTCONbits, size=2, left -=-, size=0, right AOP_LIT=0x00, size=1
                      00457 ;;; /home/sdcc-builder/build/sdcc-build/orig/sdcc/src/pic14/gen.c:6249:genPackBits *{*
                      00458 ;; ***  genPackBits  6250
                      00459 ;;      833: aopGet AOP_PCODE type PO_IMMEDIATE
                      00460 ;;      _INTCONbits
                      00461 ;; >>> /home/sdcc-builder/build/sdcc-build/orig/sdcc/src/pic14/gen.c:6275:genPackBits
                      00462         .line   18; "OS.c"      CLEAR_TIMER_FLAG;
0004   ???? ????      00463         BANKSEL _INTCONbits
0006   11??           00464         BCF     _INTCONbits,2
                      00465 ;;; /home/sdcc-builder/build/sdcc-build/orig/sdcc/src/pic14/gen.c:2316:resultRemat *{*
                      00466 ;;; /home/sdcc-builder/build/sdcc-build/orig/sdcc/src/pic14/gen.c:2316:resultRemat *{*
gpasm-1.4.0 #1106 (Oct  6 2014) obj\Debug\OS.   11-13-2019  01:55:32        PAGE 10


LOC    OBJECT CODE    LINE  SOURCE TEXT
  VALUE

                      00467 ;;; /home/sdcc-builder/build/sdcc-build/orig/sdcc/src/pic14/gen.c:6686:genPointerSet *{*
                      00468 ;; ***  genPointerSet  6687
                      00469 ;;; /home/sdcc-builder/build/sdcc-build/orig/sdcc/src/pic14/gen.c:6505:genNearPointerSet *{*
                      00470 ;; ***  genNearPointerSet  6506
                      00471 ;;      613
                      00472 ;;      aopForRemat 392
                      00473 ;;      418: rname _INTCONbits, val 0, const = 0
                      00474 ;; ***  genNearPointerSet  6521
                      00475 ;;      833: aopGet AOP_PCODE type PO_IMMEDIATE
                      00476 ;;      _INTCONbits
                      00477 ;;      line = 6523 result AOP_PCODE=_INTCONbits, size=2, left -=-, size=0, right AOP_LIT=0x01, size=1
                      00478 ;;; /home/sdcc-builder/build/sdcc-build/orig/sdcc/src/pic14/gen.c:6249:genPackBits *{*
                      00479 ;; ***  genPackBits  6250
                      00480 ;;      833: aopGet AOP_PCODE type PO_IMMEDIATE
                      00481 ;;      _INTCONbits
                      00482 ;; >>> /home/sdcc-builder/build/sdcc-build/orig/sdcc/src/pic14/gen.c:6275:genPackBits
                      00483         .line   19; "OS.c"      ENABLE_INTERRUPT;
0007   16??           00484         BSF     _INTCONbits,5
                      00485 ;;; /home/sdcc-builder/build/sdcc-build/orig/sdcc/src/pic14/gen.c:2316:resultRemat *{*
                      00486 ;;; /home/sdcc-builder/build/sdcc-build/orig/sdcc/src/pic14/gen.c:2316:resultRemat *{*
                      00487 ;;; /home/sdcc-builder/build/sdcc-build/orig/sdcc/src/pic14/gen.c:6686:genPointerSet *{*
                      00488 ;; ***  genPointerSet  6687
                      00489 ;;; /home/sdcc-builder/build/sdcc-build/orig/sdcc/src/pic14/gen.c:6505:genNearPointerSet *{*
                      00490 ;; ***  genNearPointerSet  6506
                      00491 ;;      613
                      00492 ;;      aopForRemat 392
                      00493 ;;      418: rname _INTCONbits, val 0, const = 0
                      00494 ;; ***  genNearPointerSet  6521
                      00495 ;;      833: aopGet AOP_PCODE type PO_IMMEDIATE
                      00496 ;;      _INTCONbits
                      00497 ;;      line = 6523 result AOP_PCODE=_INTCONbits, size=2, left -=-, size=0, right AOP_LIT=0x01, size=1
                      00498 ;;; /home/sdcc-builder/build/sdcc-build/orig/sdcc/src/pic14/gen.c:6249:genPackBits *{*
                      00499 ;; ***  genPackBits  6250
                      00500 ;;      833: aopGet AOP_PCODE type PO_IMMEDIATE
                      00501 ;;      _INTCONbits
                      00502 ;; >>> /home/sdcc-builder/build/sdcc-build/orig/sdcc/src/pic14/gen.c:6275:genPackBits
                      00503         .line   20; "OS.c"      ENABLE_GLOBAL_INTERRUPT;
0008   17??           00504         BSF     _INTCONbits,7
                      00505 ;;; /home/sdcc-builder/build/sdcc-build/orig/sdcc/src/pic14/gen.c:2316:resultRemat *{*
                      00506 ;;; /home/sdcc-builder/build/sdcc-build/orig/sdcc/src/pic14/gen.c:6927:genAssign *{*
                      00507 ;; ***  genAssign  6928
                      00508 ;; ***  aopForSym 315
                      00509 ;;      327 sym->rname = _TMR0, size = 1
                      00510 ;;      line = 6937 result AOP_DIR=_TMR0, size=1, left -=-, size=0, right AOP_LIT=0x38, size=1
                      00511 ;; ***  genAssign  7023
                      00512 ;; >>> /home/sdcc-builder/build/sdcc-build/orig/sdcc/src/pic14/gen.c:7030:genAssign
                      00513         .line   21; "OS.c"      UPDATE_TIMER;
0009   3038           00514         MOVLW   0x38
                      00515 ;; >>> /home/sdcc-builder/build/sdcc-build/orig/sdcc/src/pic14/gen.c:7032:genAssign
                      00516 ;;      1009
                      00517 ;;      1028  _TMR0   offset=0
000A   00??           00518         MOVWF   _TMR0
                      00519 ;;; /home/sdcc-builder/build/sdcc-build/orig/sdcc/src/pic14/gen.c:2316:resultRemat *{*
gpasm-1.4.0 #1106 (Oct  6 2014) obj\Debug\OS.   11-13-2019  01:55:32        PAGE 11


LOC    OBJECT CODE    LINE  SOURCE TEXT
  VALUE

                      00520 ;;; /home/sdcc-builder/build/sdcc-build/orig/sdcc/src/pic14/gen.c:2316:resultRemat *{*
                      00521 ;;; /home/sdcc-builder/build/sdcc-build/orig/sdcc/src/pic14/gen.c:6686:genPointerSet *{*
                      00522 ;; ***  genPointerSet  6687
                      00523 ;;; /home/sdcc-builder/build/sdcc-build/orig/sdcc/src/pic14/gen.c:6505:genNearPointerSet *{*
                      00524 ;; ***  genNearPointerSet  6506
                      00525 ;;      613
                      00526 ;;      aopForRemat 392
                      00527 ;;      418: rname _OPTION_REGbits, val 0, const = 0
                      00528 ;; ***  genNearPointerSet  6521
                      00529 ;;      833: aopGet AOP_PCODE type PO_IMMEDIATE
                      00530 ;;      _OPTION_REGbits
                      00531 ;;      line = 6523 result AOP_PCODE=_OPTION_REGbits, size=2, left -=-, size=0, right AOP_LIT=0x00, size
                            =1
                      00532 ;;; /home/sdcc-builder/build/sdcc-build/orig/sdcc/src/pic14/gen.c:6249:genPackBits *{*
                      00533 ;; ***  genPackBits  6250
                      00534 ;;      833: aopGet AOP_PCODE type PO_IMMEDIATE
                      00535 ;;      _OPTION_REGbits
                      00536 ;; >>> /home/sdcc-builder/build/sdcc-build/orig/sdcc/src/pic14/gen.c:6275:genPackBits
                      00537         .line   22; "OS.c"      ENABLE_TIMER;
000B   ???? ????      00538         BANKSEL _OPTION_REGbits
000D   12??           00539         BCF     _OPTION_REGbits,5
                      00540 ;;; /home/sdcc-builder/build/sdcc-build/orig/sdcc/src/pic14/gen.c:2316:resultRemat *{*
                      00541 ;;; /home/sdcc-builder/build/sdcc-build/orig/sdcc/src/pic14/gen.c:2760:genLabel *{*
                      00542 ;; ***  genLabel  2763
                      00543 ;;; /home/sdcc-builder/build/sdcc-build/orig/sdcc/src/pic14/gen.c:2316:resultRemat *{*
                      00544 ;;; /home/sdcc-builder/build/sdcc-build/orig/sdcc/src/pic14/gen.c:2528:genEndFunction *{*
                      00545 ;; ***  genEndFunction  2530
000E   0008           00546         RETURN  
                      00547 ; exit point of _OS_Start
                      00548 ;;; /home/sdcc-builder/build/sdcc-build/orig/sdcc/src/pic14/gen.c:7426:genpic14Code *{*
                      00549 
                      00550 ;***
                      00551 ;  pBlock Stats: dbName = C
                      00552 ;***
                      00553 ;entry:  _OS_Init       ;Function start
                      00554 ; 2 exit points
                      00555 ;has an exit
                      00556 ;; Starting pCode block
                      00557 ;;; /home/sdcc-builder/build/sdcc-build/orig/sdcc/src/pic14/gen.c:2316:resultRemat *{*
                      00558 ;;; /home/sdcc-builder/build/sdcc-build/orig/sdcc/src/pic14/gen.c:2760:genLabel *{*
                      00559 ;; ***  genLabel  2763
                      00560 ;;; /home/sdcc-builder/build/sdcc-build/orig/sdcc/src/pic14/gen.c:2316:resultRemat *{*
                      00561 ;;; /home/sdcc-builder/build/sdcc-build/orig/sdcc/src/pic14/gen.c:2340:genFunction *{*
                      00562 ;; ***  genFunction  2342 curr label offset=0previous max_key=0 
000F                  00563 _OS_Init        ;Function start
                      00564 ; 2 exit points
                      00565 ;;; /home/sdcc-builder/build/sdcc-build/orig/sdcc/src/pic14/gen.c:2316:resultRemat *{*
                      00566 ;;; /home/sdcc-builder/build/sdcc-build/orig/sdcc/src/pic14/gen.c:2316:resultRemat *{*
                      00567 ;;; /home/sdcc-builder/build/sdcc-build/orig/sdcc/src/pic14/gen.c:6686:genPointerSet *{*
                      00568 ;; ***  genPointerSet  6687
                      00569 ;;; /home/sdcc-builder/build/sdcc-build/orig/sdcc/src/pic14/gen.c:6505:genNearPointerSet *{*
                      00570 ;; ***  genNearPointerSet  6506
                      00571 ;;      613
gpasm-1.4.0 #1106 (Oct  6 2014) obj\Debug\OS.   11-13-2019  01:55:32        PAGE 12


LOC    OBJECT CODE    LINE  SOURCE TEXT
  VALUE

                      00572 ;;      aopForRemat 392
                      00573 ;;      418: rname _OPTION_REGbits, val 0, const = 0
                      00574 ;; ***  genNearPointerSet  6521
                      00575 ;;      833: aopGet AOP_PCODE type PO_IMMEDIATE
                      00576 ;;      _OPTION_REGbits
                      00577 ;;      line = 6523 result AOP_PCODE=_OPTION_REGbits, size=2, left -=-, size=0, right AOP_LIT=0x00, size
                            =1
                      00578 ;;; /home/sdcc-builder/build/sdcc-build/orig/sdcc/src/pic14/gen.c:6249:genPackBits *{*
                      00579 ;; ***  genPackBits  6250
                      00580 ;;      833: aopGet AOP_PCODE type PO_IMMEDIATE
                      00581 ;;      _OPTION_REGbits
                      00582 ;; >>> /home/sdcc-builder/build/sdcc-build/orig/sdcc/src/pic14/gen.c:6275:genPackBits
                      00583         .line   12; "OS.c"      TIMER_PRESCAlER;
000F   ???? ????      00584         BANKSEL _OPTION_REGbits
0011   11??           00585         BCF     _OPTION_REGbits,3
                      00586 ;;; /home/sdcc-builder/build/sdcc-build/orig/sdcc/src/pic14/gen.c:2316:resultRemat *{*
                      00587 ;;; /home/sdcc-builder/build/sdcc-build/orig/sdcc/src/pic14/gen.c:6927:genAssign *{*
                      00588 ;; ***  genAssign  6928
                      00589 ;; ***  aopForSym 315
                      00590 ;;      327 sym->rname = _TMR0, size = 1
                      00591 ;;      line = 6937 result AOP_DIR=_TMR0, size=1, left -=-, size=0, right AOP_LIT=0x38, size=1
                      00592 ;; ***  genAssign  7023
                      00593 ;; >>> /home/sdcc-builder/build/sdcc-build/orig/sdcc/src/pic14/gen.c:7030:genAssign
                      00594         .line   13; "OS.c"      UPDATE_TIMER;
0012   3038           00595         MOVLW   0x38
                      00596 ;; >>> /home/sdcc-builder/build/sdcc-build/orig/sdcc/src/pic14/gen.c:7032:genAssign
                      00597 ;;      1009
                      00598 ;;      1028  _TMR0   offset=0
0013   ???? ????      00599         BANKSEL _TMR0
0015   00??           00600         MOVWF   _TMR0
                      00601 ;;; /home/sdcc-builder/build/sdcc-build/orig/sdcc/src/pic14/gen.c:2316:resultRemat *{*
                      00602 ;;; /home/sdcc-builder/build/sdcc-build/orig/sdcc/src/pic14/gen.c:2316:resultRemat *{*
                      00603 ;;; /home/sdcc-builder/build/sdcc-build/orig/sdcc/src/pic14/gen.c:6686:genPointerSet *{*
                      00604 ;; ***  genPointerSet  6687
                      00605 ;;; /home/sdcc-builder/build/sdcc-build/orig/sdcc/src/pic14/gen.c:6505:genNearPointerSet *{*
                      00606 ;; ***  genNearPointerSet  6506
                      00607 ;;      613
                      00608 ;;      aopForRemat 392
                      00609 ;;      418: rname _OPTION_REGbits, val 0, const = 0
                      00610 ;; ***  genNearPointerSet  6521
                      00611 ;;      833: aopGet AOP_PCODE type PO_IMMEDIATE
                      00612 ;;      _OPTION_REGbits
                      00613 ;;      line = 6523 result AOP_PCODE=_OPTION_REGbits, size=2, left -=-, size=0, right AOP_LIT=0x01, size
                            =1
                      00614 ;;; /home/sdcc-builder/build/sdcc-build/orig/sdcc/src/pic14/gen.c:6249:genPackBits *{*
                      00615 ;; ***  genPackBits  6250
                      00616 ;;      833: aopGet AOP_PCODE type PO_IMMEDIATE
                      00617 ;;      _OPTION_REGbits
                      00618 ;; >>> /home/sdcc-builder/build/sdcc-build/orig/sdcc/src/pic14/gen.c:6275:genPackBits
                      00619         .line   14; "OS.c"      PRESCALER_RATE_SELECT;
0016   ???? ????      00620         BANKSEL _OPTION_REGbits
0018   14??           00621         BSF     _OPTION_REGbits,0
                      00622 ;;; /home/sdcc-builder/build/sdcc-build/orig/sdcc/src/pic14/gen.c:2316:resultRemat *{*
gpasm-1.4.0 #1106 (Oct  6 2014) obj\Debug\OS.   11-13-2019  01:55:32        PAGE 13


LOC    OBJECT CODE    LINE  SOURCE TEXT
  VALUE

                      00623 ;;; /home/sdcc-builder/build/sdcc-build/orig/sdcc/src/pic14/gen.c:2316:resultRemat *{*
                      00624 ;;; /home/sdcc-builder/build/sdcc-build/orig/sdcc/src/pic14/gen.c:6686:genPointerSet *{*
                      00625 ;; ***  genPointerSet  6687
                      00626 ;;; /home/sdcc-builder/build/sdcc-build/orig/sdcc/src/pic14/gen.c:6505:genNearPointerSet *{*
                      00627 ;; ***  genNearPointerSet  6506
                      00628 ;;      613
                      00629 ;;      aopForRemat 392
                      00630 ;;      418: rname _OPTION_REGbits, val 0, const = 0
                      00631 ;; ***  genNearPointerSet  6521
                      00632 ;;      833: aopGet AOP_PCODE type PO_IMMEDIATE
                      00633 ;;      _OPTION_REGbits
                      00634 ;;      line = 6523 result AOP_PCODE=_OPTION_REGbits, size=2, left -=-, size=0, right AOP_LIT=0x00, size
                            =1
                      00635 ;;; /home/sdcc-builder/build/sdcc-build/orig/sdcc/src/pic14/gen.c:6249:genPackBits *{*
                      00636 ;; ***  genPackBits  6250
                      00637 ;;      833: aopGet AOP_PCODE type PO_IMMEDIATE
                      00638 ;;      _OPTION_REGbits
                      00639 ;; >>> /home/sdcc-builder/build/sdcc-build/orig/sdcc/src/pic14/gen.c:6275:genPackBits
0019   10??           00640         BCF     _OPTION_REGbits,1
                      00641 ;;; /home/sdcc-builder/build/sdcc-build/orig/sdcc/src/pic14/gen.c:2316:resultRemat *{*
                      00642 ;;; /home/sdcc-builder/build/sdcc-build/orig/sdcc/src/pic14/gen.c:2316:resultRemat *{*
                      00643 ;;; /home/sdcc-builder/build/sdcc-build/orig/sdcc/src/pic14/gen.c:6686:genPointerSet *{*
                      00644 ;; ***  genPointerSet  6687
                      00645 ;;; /home/sdcc-builder/build/sdcc-build/orig/sdcc/src/pic14/gen.c:6505:genNearPointerSet *{*
                      00646 ;; ***  genNearPointerSet  6506
                      00647 ;;      613
                      00648 ;;      aopForRemat 392
                      00649 ;;      418: rname _OPTION_REGbits, val 0, const = 0
                      00650 ;; ***  genNearPointerSet  6521
                      00651 ;;      833: aopGet AOP_PCODE type PO_IMMEDIATE
                      00652 ;;      _OPTION_REGbits
                      00653 ;;      line = 6523 result AOP_PCODE=_OPTION_REGbits, size=2, left -=-, size=0, right AOP_LIT=0x00, size
                            =1
                      00654 ;;; /home/sdcc-builder/build/sdcc-build/orig/sdcc/src/pic14/gen.c:6249:genPackBits *{*
                      00655 ;; ***  genPackBits  6250
                      00656 ;;      833: aopGet AOP_PCODE type PO_IMMEDIATE
                      00657 ;;      _OPTION_REGbits
                      00658 ;; >>> /home/sdcc-builder/build/sdcc-build/orig/sdcc/src/pic14/gen.c:6275:genPackBits
001A   11??           00659         BCF     _OPTION_REGbits,2
                      00660 ;;; /home/sdcc-builder/build/sdcc-build/orig/sdcc/src/pic14/gen.c:2316:resultRemat *{*
                      00661 ;;; /home/sdcc-builder/build/sdcc-build/orig/sdcc/src/pic14/gen.c:2760:genLabel *{*
                      00662 ;; ***  genLabel  2763
                      00663 ;;; /home/sdcc-builder/build/sdcc-build/orig/sdcc/src/pic14/gen.c:2316:resultRemat *{*
                      00664 ;;; /home/sdcc-builder/build/sdcc-build/orig/sdcc/src/pic14/gen.c:2528:genEndFunction *{*
                      00665 ;; ***  genEndFunction  2530
001B   0008           00666         RETURN  
                      00667 ; exit point of _OS_Init
                      00668 ;;; /home/sdcc-builder/build/sdcc-build/orig/sdcc/src/pic14/gen.c:7426:genpic14Code *{*
                      00669 
                      00670 
                      00671 ;       code size estimation:
                      00672 ;          52+   19 =    71 instructions (  180 byte)
                      00673 
gpasm-1.4.0 #1106 (Oct  6 2014) obj\Debug\OS.   11-13-2019  01:55:32        PAGE 14


LOC    OBJECT CODE    LINE  SOURCE TEXT
  VALUE

                      00674         end
gpasm-1.4.0 #1106 (Oct  6 2014) obj\Debug\OS.   11-13-2019  01:55:32        PAGE 15


SYMBOL TABLE
  LABEL                             VALUE

ACKDT                             00000005
ACKEN                             00000004
ACKSTAT                           00000006
ADCON0                            0000001F
ADCON1                            0000009F
ADCS0                             00000006
ADCS1                             00000007
ADCS2                             00000006
ADDEN                             00000003
ADFM                              00000007
ADIE                              00000006
ADIF                              00000006
ADON                              00000000
ADRESH                            0000001E
ADRESL                            0000009E
BCLIE                             00000003
BCLIF                             00000003
BF                                00000000
BRGH                              00000002
C                                 00000000
C1INV                             00000004
C1OUT                             00000006
C2INV                             00000005
C2OUT                             00000007
CCP1CON                           00000017
CCP1IE                            00000002
CCP1IF                            00000002
CCP1M0                            00000000
CCP1M1                            00000001
CCP1M2                            00000002
CCP1M3                            00000003
CCP1X                             00000005
CCP1Y                             00000004
CCP2CON                           0000001D
CCP2IE                            00000000
CCP2IF                            00000000
CCP2M0                            00000000
CCP2M1                            00000001
CCP2M2                            00000002
CCP2M3                            00000003
CCP2X                             00000005
CCP2Y                             00000004
CCPR1                             00000015
CCPR1H                            00000016
CCPR1L                            00000015
CCPR2                             0000001B
CCPR2H                            0000001C
CCPR2L                            0000001B
CHS0                              00000003
CHS1                              00000004
CHS2                              00000005
CIS                               00000003
CKE                               00000006
gpasm-1.4.0 #1106 (Oct  6 2014) obj\Debug\OS.   11-13-2019  01:55:32        PAGE 16


SYMBOL TABLE
  LABEL                             VALUE 

CKP                               00000004
CM0                               00000000
CM1                               00000001
CM2                               00000002
CMCON                             0000009C
CMIE                              00000006
CMIF                              00000006
CREN                              00000004
CSRC                              00000007
CVR0                              00000000
CVR1                              00000001
CVR2                              00000002
CVR3                              00000003
CVRCON                            0000009D
CVREN                             00000007
CVROE                             00000006
CVRR                              00000005
D                                 00000005
DATA_ADDRESS                      00000005
DC                                00000001
D_A                               00000005
D_NOT_A                           00000005
EEADR                             0000010D
EEADRH                            0000010F
EECON1                            0000018C
EECON2                            0000018D
EEDATA                            0000010C
EEDATH                            0000010E
EEIE                              00000004
EEIF                              00000004
EEPGD                             00000007
END_OF_INTERRUPT                  00000041
F                                 00000001
FERR                              00000002
FSR                               00000004
GCEN                              00000007
GIE                               00000007
GO                                00000002
GO_DONE                           00000002
GO_NOT_DONE                       00000002
I2C_DATA                          00000005
I2C_READ                          00000002
I2C_START                         00000003
I2C_STOP                          00000004
IBF                               00000007
IBOV                              00000005
INDF                              00000000
INTCON                            0000000B
INTE                              00000004
INTEDG                            00000006
INTF                              00000001
IRP                               00000007
NOT_A                             00000005
gpasm-1.4.0 #1106 (Oct  6 2014) obj\Debug\OS.   11-13-2019  01:55:32        PAGE 17


SYMBOL TABLE
  LABEL                             VALUE 

NOT_ADDRESS                       00000005
NOT_BO                            00000000
NOT_BOR                           00000000
NOT_DONE                          00000002
NOT_PD                            00000003
NOT_POR                           00000001
NOT_RBPU                          00000007
NOT_RC8                           00000006
NOT_T1SYNC                        00000002
NOT_TO                            00000004
NOT_TX8                           00000006
NOT_W                             00000002
NOT_WRITE                         00000002
OBF                               00000006
OERR                              00000001
OPTION_REG                        00000081
P                                 00000004
PCFG0                             00000000
PCFG1                             00000001
PCFG2                             00000002
PCFG3                             00000003
PCL                               00000002
PCLATH                            0000000A
PCON                              0000008E
PEIE                              00000006
PEN                               00000002
PIE1                              0000008C
PIE2                              0000008D
PIR1                              0000000C
PIR2                              0000000D
PORTA                             00000005
PORTB                             00000006
PORTC                             00000007
PORTD                             00000008
PORTE                             00000009
PR2                               00000092
PS0                               00000000
PS1                               00000001
PS2                               00000002
PSA                               00000003
PSAVE                             00000000
PSPIE                             00000007
PSPIF                             00000007
PSPMODE                           00000004
R                                 00000002
RA0                               00000000
RA1                               00000001
RA2                               00000002
RA3                               00000003
RA4                               00000004
RA5                               00000005
RB0                               00000000
RB1                               00000001
gpasm-1.4.0 #1106 (Oct  6 2014) obj\Debug\OS.   11-13-2019  01:55:32        PAGE 18


SYMBOL TABLE
  LABEL                             VALUE 

RB2                               00000002
RB3                               00000003
RB4                               00000004
RB5                               00000005
RB6                               00000006
RB7                               00000007
RBIE                              00000003
RBIF                              00000000
RC0                               00000000
RC1                               00000001
RC2                               00000002
RC3                               00000003
RC4                               00000004
RC5                               00000005
RC6                               00000006
RC7                               00000007
RC8_9                             00000006
RC9                               00000006
RCD8                              00000000
RCEN                              00000003
RCIE                              00000005
RCIF                              00000005
RCREG                             0000001A
RCSTA                             00000018
RD                                00000000
RD0                               00000000
RD1                               00000001
RD2                               00000002
RD3                               00000003
RD4                               00000004
RD5                               00000005
RD6                               00000006
RD7                               00000007
RE0                               00000000
RE1                               00000001
RE2                               00000002
READ_WRITE                        00000002
RP0                               00000005
RP1                               00000006
RSEN                              00000001
RX9                               00000006
RX9D                              00000000
R_NOT_W                           00000002
R_W                               00000002
S                                 00000003
SEN                               00000000
SMP                               00000007
SPBRG                             00000099
SPEN                              00000007
SREN                              00000005
SSAVE                             00000000
SSPADD                            00000093
SSPBUF                            00000013
gpasm-1.4.0 #1106 (Oct  6 2014) obj\Debug\OS.   11-13-2019  01:55:32        PAGE 19


SYMBOL TABLE
  LABEL                             VALUE 

SSPCON                            00000014
SSPCON2                           00000091
SSPEN                             00000005
SSPIE                             00000003
SSPIF                             00000003
SSPM0                             00000000
SSPM1                             00000001
SSPM2                             00000002
SSPM3                             00000003
SSPOV                             00000006
SSPSTAT                           00000094
STATUS                            00000003
STK00                             00000000
STK01                             00000000
STK02                             00000000
STK03                             00000000
STK04                             00000000
STK05                             00000000
STK06                             00000000
STK07                             00000000
STK08                             00000000
STK09                             00000000
STK10                             00000000
STK11                             00000000
STK12                             00000000
SYNC                              00000004
T0CS                              00000005
T0IE                              00000005
T0IF                              00000002
T0SE                              00000004
T1CKPS0                           00000004
T1CKPS1                           00000005
T1CON                             00000010
T1INSYNC                          00000002
T1OSCEN                           00000003
T1SYNC                            00000002
T2CKPS0                           00000000
T2CKPS1                           00000001
T2CON                             00000012
TMR0                              00000001
TMR0IE                            00000005
TMR0IF                            00000002
TMR1                              0000000E
TMR1CS                            00000001
TMR1H                             0000000F
TMR1IE                            00000000
TMR1IF                            00000000
TMR1L                             0000000E
TMR1ON                            00000000
TMR2                              00000011
TMR2IE                            00000001
TMR2IF                            00000001
TMR2ON                            00000002
gpasm-1.4.0 #1106 (Oct  6 2014) obj\Debug\OS.   11-13-2019  01:55:32        PAGE 20


SYMBOL TABLE
  LABEL                             VALUE 

TOUTPS0                           00000003
TOUTPS1                           00000004
TOUTPS2                           00000005
TOUTPS3                           00000006
TRISA                             00000085
TRISA0                            00000000
TRISA1                            00000001
TRISA2                            00000002
TRISA3                            00000003
TRISA4                            00000004
TRISA5                            00000005
TRISB                             00000086
TRISB0                            00000000
TRISB1                            00000001
TRISB2                            00000002
TRISB3                            00000003
TRISB4                            00000004
TRISB5                            00000005
TRISB6                            00000006
TRISB7                            00000007
TRISC                             00000087
TRISC0                            00000000
TRISC1                            00000001
TRISC2                            00000002
TRISC3                            00000003
TRISC4                            00000004
TRISC5                            00000005
TRISC6                            00000006
TRISC7                            00000007
TRISD                             00000088
TRISD0                            00000000
TRISD1                            00000001
TRISD2                            00000002
TRISD3                            00000003
TRISD4                            00000004
TRISD5                            00000005
TRISD6                            00000006
TRISD7                            00000007
TRISE                             00000089
TRISE0                            00000000
TRISE1                            00000001
TRISE2                            00000002
TRMT                              00000001
TX8_9                             00000006
TX9                               00000006
TX9D                              00000000
TXD8                              00000000
TXEN                              00000005
TXIE                              00000004
TXIF                              00000004
TXREG                             00000019
TXSTA                             00000098
UA                                00000001
gpasm-1.4.0 #1106 (Oct  6 2014) obj\Debug\OS.   11-13-2019  01:55:32        PAGE 21


SYMBOL TABLE
  LABEL                             VALUE 

W                                 00000000
WCOL                              00000007
WR                                00000001
WREN                              00000002
WRERR                             00000003
WSAVE                             00000000
Z                                 00000002
_00001_DS_                        0000001E
_00117_DS_                        00000034
_ADCON0                           00000000
_ADCON0bits                       00000000
_ADCON1                           00000000
_ADCON1bits                       00000000
_ADRESH                           00000000
_ADRESL                           00000000
_BODEN_OFF                        00003FBF
_BODEN_ON                         00003FFF
_BOREN_OFF                        00003FBF
_BOREN_ON                         00003FFF
_CCP1CON                          00000000
_CCP1CONbits                      00000000
_CCP2CON                          00000000
_CCP2CONbits                      00000000
_CCPR1                            00000000
_CCPR1H                           00000000
_CCPR1L                           00000000
_CCPR2                            00000000
_CCPR2H                           00000000
_CCPR2L                           00000000
_CMCON                            00000000
_CMCONbits                        00000000
_CONFIG                           00002007
_CPD_OFF                          00003FFF
_CPD_ON                           00003EFF
_CP_ALL                           00001FFF
_CP_OFF                           00003FFF
_CP_ON                            00001FFF
_CVRCON                           00000000
_CVRCONbits                       00000000
_DEBUG_OFF                        00003FFF
_DEBUG_ON                         000037FF
_DEVID1                           00002006
_EEADR                            00000000
_EEADRH                           00000000
_EECON1                           00000000
_EECON1bits                       00000000
_EECON2                           00000000
_EEDATA                           00000000
_EEDATH                           00000000
_FOSC_EXTRC                       00003FFF
_FOSC_HS                          00003FFE
_FOSC_LP                          00003FFC
_FOSC_XT                          00003FFD
gpasm-1.4.0 #1106 (Oct  6 2014) obj\Debug\OS.   11-13-2019  01:55:32        PAGE 22


SYMBOL TABLE
  LABEL                             VALUE 

_FSR                              00000000
_HS_OSC                           00003FFE
_IDLOC0                           00002000
_IDLOC1                           00002001
_IDLOC2                           00002002
_IDLOC3                           00002003
_INDF                             00000000
_INTCON                           00000000
_INTCONbits                       00000000
_LP_OSC                           00003FFC
_LVP_OFF                          00003F7F
_LVP_ON                           00003FFF
_OPTION_REG                       00000000
_OPTION_REGbits                   00000000
_OS_Init                          0000000F
_OS_Set_AP                        00000000
_OS_Start                         00000004
_OS_Update                        00000004
_PCL                              00000000
_PCLATH                           00000000
_PCON                             00000000
_PCONbits                         00000000
_PIE1                             00000000
_PIE1bits                         00000000
_PIE2                             00000000
_PIE2bits                         00000000
_PIR1                             00000000
_PIR1bits                         00000000
_PIR2                             00000000
_PIR2bits                         00000000
_PORTA                            00000000
_PORTAbits                        00000000
_PORTB                            00000000
_PORTBbits                        00000000
_PORTC                            00000000
_PORTCbits                        00000000
_PORTD                            00000000
_PORTDbits                        00000000
_PORTE                            00000000
_PORTEbits                        00000000
_PR2                              00000000
_PWRTE_OFF                        00003FFF
_PWRTE_ON                         00003FF7
_RCREG                            00000000
_RCSTA                            00000000
_RCSTAbits                        00000000
_RC_OSC                           00003FFF
_SPBRG                            00000000
_SSD_Buffer_Set                   00000000
_SSD_Init                         00000000
_SSD_Update                       00000000
_SSPADD                           00000000
_SSPBUF                           00000000
gpasm-1.4.0 #1106 (Oct  6 2014) obj\Debug\OS.   11-13-2019  01:55:32        PAGE 23


SYMBOL TABLE
  LABEL                             VALUE 

_SSPCON                           00000000
_SSPCON2                          00000000
_SSPCON2bits                      00000000
_SSPCONbits                       00000000
_SSPSTAT                          00000000
_SSPSTATbits                      00000000
_STATUS                           00000000
_STATUSbits                       00000000
_T1CON                            00000000
_T1CONbits                        00000000
_T2CON                            00000000
_T2CONbits                        00000000
_TMR0                             00000000
_TMR1                             00000000
_TMR1H                            00000000
_TMR1L                            00000000
_TMR2                             00000000
_TRISA                            00000000
_TRISAbits                        00000000
_TRISB                            00000000
_TRISBbits                        00000000
_TRISC                            00000000
_TRISCbits                        00000000
_TRISD                            00000000
_TRISDbits                        00000000
_TRISE                            00000000
_TRISEbits                        00000000
_TXREG                            00000000
_TXSTA                            00000000
_TXSTAbits                        00000000
_WDTE_OFF                         00003FFB
_WDTE_ON                          00003FFF
_WDT_OFF                          00003FFB
_WDT_ON                           00003FFF
_WRT_1FOURTH                      00003BFF
_WRT_256                          00003DFF
_WRT_HALF                         000039FF
_WRT_OFF                          00003FFF
_XT_OSC                           00003FFD
__16F877A                         00000001
__CODE_END                        00001FFF
__CODE_START                      00000000
__COMMON_RAM_END                  0000007F
__COMMON_RAM_START                00000070
__EEPROM_END                      000021FF
__EEPROM_START                    00002100
__VECTOR_INT                      00000004
__VECTOR_RESET                    00000000
___sdcc_saved_fsr                 00000000
__sdcc_interrupt                  00000004
_active_pulse                     00000000
_c_interrupt_0027                 00000027
_c_interrupt_0032                 00000032
gpasm-1.4.0 #1106 (Oct  6 2014) obj\Debug\OS.   11-13-2019  01:55:32        PAGE 24


SYMBOL TABLE
  LABEL                             VALUE 

_comparator_Init                  00000000
_comparator_Update                00000000
_firing_Update                    00000000
_motor_Init                       00000000
_pulse_Firing                     00000000
_soft_Switching_Update            00000000
_switch_Get_State                 00000000
_switch_Init                      00000000
_switch_Update                    00000000
_sysControl_Init                  00000000
_sysControl_Update                00000000
_zero_Crossing_Update             00000000
r0x1002                           00000000

Errors   :     0
Warnings :     0 reported,     0 suppressed
Messages :     0 reported,     0 suppressed

